<?xml version="1.0" encoding="UTF-8"?>
<testng-results skipped="73" failed="17" total="93" passed="3">
  <reporter-output>
    <line>
      <![CDATA[Successfully logged in with Admin User - Automation_qait]]>
    </line>
    <line>
      <![CDATA[Successfully logged in with user - Automation_qait]]>
    </line>
    <line>
      <![CDATA[URL of Admin User is - https://test.skytap.com/users/274754]]>
    </line>
    <line>
      <![CDATA[ *** Creating Admin User ***]]>
    </line>
    <line>
      <![CDATA[Created New Admin User with Name = Admin1477095520246 and id = https://test.skytap.com/users/308362]]>
    </line>
    <line>
      <![CDATA[ *** Activating User ***]]>
    </line>
    <line>
      <![CDATA[ Successfully activated Admin User (Created Via Admin) with id = https://test.skytap.com/users/308362]]>
    </line>
    <line>
      <![CDATA[Successfully logged in with Admin User - Automation_qait]]>
    </line>
    <line>
      <![CDATA[ *** Creating Non-Admin User ***]]>
    </line>
    <line>
      <![CDATA[Created Non-Admin User with Name = NonAdmin1477095583510 and id = https://test.skytap.com/users/308364]]>
    </line>
    <line>
      <![CDATA[ *** Activating User with short Password ***]]>
    </line>
    <line>
      <![CDATA[ *** Activating User ***]]>
    </line>
    <line>
      <![CDATA[ Successfully activated Non - Admin User (Created Via Admin) with id = https://test.skytap.com/users/308364]]>
    </line>
    <line>
      <![CDATA[Successfully logged in with Admin User - Automation_qait]]>
    </line>
    <line>
      <![CDATA[ *** Deleting Admin User ***]]>
    </line>
    <line>
      <![CDATA[ *** Deleting Non-Admin User ***]]>
    </line>
    <line>
      <![CDATA[Successfully logged in with Admin User - Automation_qait]]>
    </line>
    <line>
      <![CDATA[Successfully logged in with Admin User - Automation_qait]]>
    </line>
    <line>
      <![CDATA[Usage Report Successfully Generated]]>
    </line>
    <line>
      <![CDATA[Successfully logged in with Admin User - Automation_qait]]>
    </line>
    <line>
      <![CDATA[ *** Starting Published Services Test *** ]]>
    </line>
    <line>
      <![CDATA[Successfully logged in with Admin User - Automation_qait]]>
    </line>
    <line>
      <![CDATA[Successfully logged in with Admin User - Automation_qait]]>
    </line>
    <line>
      <![CDATA[ *** Starting with creating a new Schedule *** ]]>
    </line>
  </reporter-output>
  <suite name="Command line suite" duration-ms="2089468" started-at="2016-10-22T00:14:30Z" finished-at="2016-10-22T00:49:19Z">
    <groups>
    </groups>
    <test name="Command line test" duration-ms="2089468" started-at="2016-10-22T00:14:30Z" finished-at="2016-10-22T00:49:19Z">
      <class name="com.test.skytap.L_PublishedServicesTest">
        <test-method status="PASS" signature="beforeClass()[pri:0, instance:com.test.skytap.L_PublishedServicesTest@2c9f9fb0]" name="beforeClass" is-config="true" duration-ms="188660" started-at="2016-10-22T06:05:24Z" finished-at="2016-10-22T06:08:33Z">
          <reporter-output>
            <line>
              <![CDATA[Successfully logged in with Admin User - Automation_qait]]>
            </line>
          </reporter-output>
        </test-method> <!-- beforeClass -->
        <test-method status="FAIL" signature="addByName()[pri:0, instance:com.test.skytap.L_PublishedServicesTest@2c9f9fb0]" name="addByName" duration-ms="20544" started-at="2016-10-22T06:08:33Z" finished-at="2016-10-22T06:08:53Z">
          <exception class="org.openqa.selenium.NoSuchElementException">
            <message>
              <![CDATA[Unable to locate element: {"method":"xpath","selector":"//a[@class='vms-settings']"}
Command duration or timeout: 20.20 seconds
For documentation on this error, please visit: http://seleniumhq.org/exceptions/no_such_element.html
Build info: version: '2.53.0', revision: '35ae25b1534ae328c771e0856c93e187490ca824', time: '2016-03-15 10:43:46'
System info: host: 'DESKTOP-M8U4K6K', ip: '192.168.1.5', os.name: 'Windows 10', os.arch: 'amd64', os.version: '10.0', java.version: '1.8.0_91'
Driver info: org.openqa.selenium.firefox.FirefoxDriver
Capabilities [{applicationCacheEnabled=true, rotatable=false, handlesAlerts=true, databaseEnabled=true, version=40.0, platform=WINDOWS, nativeEvents=false, acceptSslCerts=true, webStorageEnabled=true, locationContextEnabled=true, browserName=firefox, takesScreenshot=true, javascriptEnabled=true, cssSelectorsEnabled=true}]
Session ID: 44ade4ce-129f-499a-84cd-55585cf53175
*** Element info: {Using=xpath, value=//a[@class='vms-settings']}]]>
            </message>
            <full-stacktrace>
              <![CDATA[org.openqa.selenium.NoSuchElementException: Unable to locate element: {"method":"xpath","selector":"//a[@class='vms-settings']"}
Command duration or timeout: 20.20 seconds
For documentation on this error, please visit: http://seleniumhq.org/exceptions/no_such_element.html
Build info: version: '2.53.0', revision: '35ae25b1534ae328c771e0856c93e187490ca824', time: '2016-03-15 10:43:46'
System info: host: 'DESKTOP-M8U4K6K', ip: '192.168.1.5', os.name: 'Windows 10', os.arch: 'amd64', os.version: '10.0', java.version: '1.8.0_91'
Driver info: org.openqa.selenium.firefox.FirefoxDriver
Capabilities [{applicationCacheEnabled=true, rotatable=false, handlesAlerts=true, databaseEnabled=true, version=40.0, platform=WINDOWS, nativeEvents=false, acceptSslCerts=true, webStorageEnabled=true, locationContextEnabled=true, browserName=firefox, takesScreenshot=true, javascriptEnabled=true, cssSelectorsEnabled=true}]
Session ID: 44ade4ce-129f-499a-84cd-55585cf53175
*** Element info: {Using=xpath, value=//a[@class='vms-settings']}
	at sun.reflect.NativeConstructorAccessorImpl.newInstance0(Native Method)
	at sun.reflect.NativeConstructorAccessorImpl.newInstance(NativeConstructorAccessorImpl.java:62)
	at sun.reflect.DelegatingConstructorAccessorImpl.newInstance(DelegatingConstructorAccessorImpl.java:45)
	at java.lang.reflect.Constructor.newInstance(Constructor.java:423)
	at org.openqa.selenium.remote.ErrorHandler.createThrowable(ErrorHandler.java:206)
	at org.openqa.selenium.remote.ErrorHandler.throwIfResponseFailed(ErrorHandler.java:158)
	at org.openqa.selenium.remote.RemoteWebDriver.execute(RemoteWebDriver.java:678)
	at org.openqa.selenium.remote.RemoteWebDriver.findElement(RemoteWebDriver.java:363)
	at org.openqa.selenium.remote.RemoteWebDriver.findElementByXPath(RemoteWebDriver.java:500)
	at org.openqa.selenium.By$ByXPath.findElement(By.java:361)
	at org.openqa.selenium.remote.RemoteWebDriver.findElement(RemoteWebDriver.java:355)
	at com.test.skytap.L_Published_Services.addByName(L_Published_Services.java:18)
	at com.test.skytap.L_PublishedServicesTest.addByName(L_PublishedServicesTest.java:31)
	at sun.reflect.NativeMethodAccessorImpl.invoke0(Native Method)
	at sun.reflect.NativeMethodAccessorImpl.invoke(NativeMethodAccessorImpl.java:62)
	at sun.reflect.DelegatingMethodAccessorImpl.invoke(DelegatingMethodAccessorImpl.java:43)
	at java.lang.reflect.Method.invoke(Method.java:498)
	at org.testng.internal.MethodInvocationHelper.invokeMethod(MethodInvocationHelper.java:86)
	at org.testng.internal.Invoker.invokeMethod(Invoker.java:643)
	at org.testng.internal.Invoker.invokeTestMethod(Invoker.java:820)
	at org.testng.internal.Invoker.invokeTestMethods(Invoker.java:1128)
	at org.testng.internal.TestMethodWorker.invokeTestMethods(TestMethodWorker.java:129)
	at org.testng.internal.TestMethodWorker.run(TestMethodWorker.java:112)
	at org.testng.TestRunner.privateRun(TestRunner.java:782)
	at org.testng.TestRunner.run(TestRunner.java:632)
	at org.testng.SuiteRunner.runTest(SuiteRunner.java:366)
	at org.testng.SuiteRunner.runSequentially(SuiteRunner.java:361)
	at org.testng.SuiteRunner.privateRun(SuiteRunner.java:319)
	at org.testng.SuiteRunner.run(SuiteRunner.java:268)
	at org.testng.SuiteRunnerWorker.runSuite(SuiteRunnerWorker.java:52)
	at org.testng.SuiteRunnerWorker.run(SuiteRunnerWorker.java:86)
	at org.testng.TestNG.runSuitesSequentially(TestNG.java:1244)
	at org.testng.TestNG.runSuitesLocally(TestNG.java:1169)
	at org.testng.TestNG.run(TestNG.java:1064)
	at org.apache.maven.surefire.testng.TestNGExecutor.run(TestNGExecutor.java:77)
	at org.apache.maven.surefire.testng.TestNGDirectoryTestSuite.executeMulti(TestNGDirectoryTestSuite.java:159)
	at org.apache.maven.surefire.testng.TestNGDirectoryTestSuite.execute(TestNGDirectoryTestSuite.java:99)
	at org.apache.maven.surefire.testng.TestNGProvider.invoke(TestNGProvider.java:106)
	at sun.reflect.NativeMethodAccessorImpl.invoke0(Native Method)
	at sun.reflect.NativeMethodAccessorImpl.invoke(NativeMethodAccessorImpl.java:62)
	at sun.reflect.DelegatingMethodAccessorImpl.invoke(DelegatingMethodAccessorImpl.java:43)
	at java.lang.reflect.Method.invoke(Method.java:498)
	at org.apache.maven.surefire.util.ReflectionUtils.invokeMethodWithArray(ReflectionUtils.java:189)
	at org.apache.maven.surefire.booter.ProviderFactory$ProviderProxy.invoke(ProviderFactory.java:165)
	at org.apache.maven.surefire.booter.ProviderFactory.invokeProvider(ProviderFactory.java:85)
	at org.apache.maven.surefire.booter.ForkedBooter.runSuitesInProcess(ForkedBooter.java:115)
	at org.apache.maven.surefire.booter.ForkedBooter.main(ForkedBooter.java:75)
Caused by: org.openqa.selenium.NoSuchElementException: Unable to locate element: {"method":"xpath","selector":"//a[@class='vms-settings']"}
For documentation on this error, please visit: http://seleniumhq.org/exceptions/no_such_element.html
Build info: version: '2.53.0', revision: '35ae25b1534ae328c771e0856c93e187490ca824', time: '2016-03-15 10:43:46'
System info: host: 'DESKTOP-M8U4K6K', ip: '192.168.1.5', os.name: 'Windows 10', os.arch: 'amd64', os.version: '10.0', java.version: '1.8.0_91'
Driver info: driver.version: unknown
	at <anonymous class>.FirefoxDriver.prototype.findElementInternal_(file:///C:/Users/QA/AppData/Local/Temp/anonymous369122641122397129webdriver-profile/extensions/fxdriver@googlecode.com/components/driver-component.js:10770)
	at <anonymous class>.fxdriver.Timer.prototype.setTimeout/<.notify(file:///C:/Users/QA/AppData/Local/Temp/anonymous369122641122397129webdriver-profile/extensions/fxdriver@googlecode.com/components/driver-component.js:625)
]]>
            </full-stacktrace>
          </exception> <!-- org.openqa.selenium.NoSuchElementException -->
          <reporter-output>
            <line>
              <![CDATA[ *** Starting Published Services Test *** ]]>
            </line>
          </reporter-output>
        </test-method> <!-- addByName -->
        <test-method status="PASS" signature="fail(org.testng.ITestResult)[pri:0, instance:com.test.skytap.L_PublishedServicesTest@2c9f9fb0]" name="fail" is-config="true" duration-ms="300" started-at="2016-10-22T06:08:53Z" finished-at="2016-10-22T06:08:53Z">
          <params>
            <param index="0">
              <value>
                <![CDATA[[TestResult name=addByName status=FAILURE method=L_PublishedServicesTest.addByName()[pri:0, instance:com.test.skytap.L_PublishedServicesTest@2c9f9fb0] output= *** Starting Published Services Test *** ]]]>
              </value>
            </param>
          </params>
          <reporter-output>
          </reporter-output>
        </test-method> <!-- fail -->
        <test-method status="FAIL" signature="addByPort()[pri:0, instance:com.test.skytap.L_PublishedServicesTest@2c9f9fb0]" name="addByPort" duration-ms="20285" started-at="2016-10-22T06:08:53Z" finished-at="2016-10-22T06:09:14Z">
          <exception class="org.openqa.selenium.NoSuchElementException">
            <message>
              <![CDATA[Unable to locate element: {"method":"xpath","selector":"//a[@class='vms-settings']"}
Command duration or timeout: 20.08 seconds
For documentation on this error, please visit: http://seleniumhq.org/exceptions/no_such_element.html
Build info: version: '2.53.0', revision: '35ae25b1534ae328c771e0856c93e187490ca824', time: '2016-03-15 10:43:46'
System info: host: 'DESKTOP-M8U4K6K', ip: '192.168.1.5', os.name: 'Windows 10', os.arch: 'amd64', os.version: '10.0', java.version: '1.8.0_91'
Driver info: org.openqa.selenium.firefox.FirefoxDriver
Capabilities [{applicationCacheEnabled=true, rotatable=false, handlesAlerts=true, databaseEnabled=true, version=40.0, platform=WINDOWS, nativeEvents=false, acceptSslCerts=true, webStorageEnabled=true, locationContextEnabled=true, browserName=firefox, takesScreenshot=true, javascriptEnabled=true, cssSelectorsEnabled=true}]
Session ID: 44ade4ce-129f-499a-84cd-55585cf53175
*** Element info: {Using=xpath, value=//a[@class='vms-settings']}]]>
            </message>
            <full-stacktrace>
              <![CDATA[org.openqa.selenium.NoSuchElementException: Unable to locate element: {"method":"xpath","selector":"//a[@class='vms-settings']"}
Command duration or timeout: 20.08 seconds
For documentation on this error, please visit: http://seleniumhq.org/exceptions/no_such_element.html
Build info: version: '2.53.0', revision: '35ae25b1534ae328c771e0856c93e187490ca824', time: '2016-03-15 10:43:46'
System info: host: 'DESKTOP-M8U4K6K', ip: '192.168.1.5', os.name: 'Windows 10', os.arch: 'amd64', os.version: '10.0', java.version: '1.8.0_91'
Driver info: org.openqa.selenium.firefox.FirefoxDriver
Capabilities [{applicationCacheEnabled=true, rotatable=false, handlesAlerts=true, databaseEnabled=true, version=40.0, platform=WINDOWS, nativeEvents=false, acceptSslCerts=true, webStorageEnabled=true, locationContextEnabled=true, browserName=firefox, takesScreenshot=true, javascriptEnabled=true, cssSelectorsEnabled=true}]
Session ID: 44ade4ce-129f-499a-84cd-55585cf53175
*** Element info: {Using=xpath, value=//a[@class='vms-settings']}
	at sun.reflect.NativeConstructorAccessorImpl.newInstance0(Native Method)
	at sun.reflect.NativeConstructorAccessorImpl.newInstance(NativeConstructorAccessorImpl.java:62)
	at sun.reflect.DelegatingConstructorAccessorImpl.newInstance(DelegatingConstructorAccessorImpl.java:45)
	at java.lang.reflect.Constructor.newInstance(Constructor.java:423)
	at org.openqa.selenium.remote.ErrorHandler.createThrowable(ErrorHandler.java:206)
	at org.openqa.selenium.remote.ErrorHandler.throwIfResponseFailed(ErrorHandler.java:158)
	at org.openqa.selenium.remote.RemoteWebDriver.execute(RemoteWebDriver.java:678)
	at org.openqa.selenium.remote.RemoteWebDriver.findElement(RemoteWebDriver.java:363)
	at org.openqa.selenium.remote.RemoteWebDriver.findElementByXPath(RemoteWebDriver.java:500)
	at org.openqa.selenium.By$ByXPath.findElement(By.java:361)
	at org.openqa.selenium.remote.RemoteWebDriver.findElement(RemoteWebDriver.java:355)
	at com.test.skytap.L_Published_Services.addByPort(L_Published_Services.java:38)
	at com.test.skytap.L_PublishedServicesTest.addByPort(L_PublishedServicesTest.java:36)
	at sun.reflect.NativeMethodAccessorImpl.invoke0(Native Method)
	at sun.reflect.NativeMethodAccessorImpl.invoke(NativeMethodAccessorImpl.java:62)
	at sun.reflect.DelegatingMethodAccessorImpl.invoke(DelegatingMethodAccessorImpl.java:43)
	at java.lang.reflect.Method.invoke(Method.java:498)
	at org.testng.internal.MethodInvocationHelper.invokeMethod(MethodInvocationHelper.java:86)
	at org.testng.internal.Invoker.invokeMethod(Invoker.java:643)
	at org.testng.internal.Invoker.invokeTestMethod(Invoker.java:820)
	at org.testng.internal.Invoker.invokeTestMethods(Invoker.java:1128)
	at org.testng.internal.TestMethodWorker.invokeTestMethods(TestMethodWorker.java:129)
	at org.testng.internal.TestMethodWorker.run(TestMethodWorker.java:112)
	at org.testng.TestRunner.privateRun(TestRunner.java:782)
	at org.testng.TestRunner.run(TestRunner.java:632)
	at org.testng.SuiteRunner.runTest(SuiteRunner.java:366)
	at org.testng.SuiteRunner.runSequentially(SuiteRunner.java:361)
	at org.testng.SuiteRunner.privateRun(SuiteRunner.java:319)
	at org.testng.SuiteRunner.run(SuiteRunner.java:268)
	at org.testng.SuiteRunnerWorker.runSuite(SuiteRunnerWorker.java:52)
	at org.testng.SuiteRunnerWorker.run(SuiteRunnerWorker.java:86)
	at org.testng.TestNG.runSuitesSequentially(TestNG.java:1244)
	at org.testng.TestNG.runSuitesLocally(TestNG.java:1169)
	at org.testng.TestNG.run(TestNG.java:1064)
	at org.apache.maven.surefire.testng.TestNGExecutor.run(TestNGExecutor.java:77)
	at org.apache.maven.surefire.testng.TestNGDirectoryTestSuite.executeMulti(TestNGDirectoryTestSuite.java:159)
	at org.apache.maven.surefire.testng.TestNGDirectoryTestSuite.execute(TestNGDirectoryTestSuite.java:99)
	at org.apache.maven.surefire.testng.TestNGProvider.invoke(TestNGProvider.java:106)
	at sun.reflect.NativeMethodAccessorImpl.invoke0(Native Method)
	at sun.reflect.NativeMethodAccessorImpl.invoke(NativeMethodAccessorImpl.java:62)
	at sun.reflect.DelegatingMethodAccessorImpl.invoke(DelegatingMethodAccessorImpl.java:43)
	at java.lang.reflect.Method.invoke(Method.java:498)
	at org.apache.maven.surefire.util.ReflectionUtils.invokeMethodWithArray(ReflectionUtils.java:189)
	at org.apache.maven.surefire.booter.ProviderFactory$ProviderProxy.invoke(ProviderFactory.java:165)
	at org.apache.maven.surefire.booter.ProviderFactory.invokeProvider(ProviderFactory.java:85)
	at org.apache.maven.surefire.booter.ForkedBooter.runSuitesInProcess(ForkedBooter.java:115)
	at org.apache.maven.surefire.booter.ForkedBooter.main(ForkedBooter.java:75)
Caused by: org.openqa.selenium.NoSuchElementException: Unable to locate element: {"method":"xpath","selector":"//a[@class='vms-settings']"}
For documentation on this error, please visit: http://seleniumhq.org/exceptions/no_such_element.html
Build info: version: '2.53.0', revision: '35ae25b1534ae328c771e0856c93e187490ca824', time: '2016-03-15 10:43:46'
System info: host: 'DESKTOP-M8U4K6K', ip: '192.168.1.5', os.name: 'Windows 10', os.arch: 'amd64', os.version: '10.0', java.version: '1.8.0_91'
Driver info: driver.version: unknown
	at <anonymous class>.FirefoxDriver.prototype.findElementInternal_(file:///C:/Users/QA/AppData/Local/Temp/anonymous369122641122397129webdriver-profile/extensions/fxdriver@googlecode.com/components/driver-component.js:10770)
	at <anonymous class>.fxdriver.Timer.prototype.setTimeout/<.notify(file:///C:/Users/QA/AppData/Local/Temp/anonymous369122641122397129webdriver-profile/extensions/fxdriver@googlecode.com/components/driver-component.js:625)
]]>
            </full-stacktrace>
          </exception> <!-- org.openqa.selenium.NoSuchElementException -->
          <reporter-output>
          </reporter-output>
        </test-method> <!-- addByPort -->
        <test-method status="PASS" signature="fail(org.testng.ITestResult)[pri:0, instance:com.test.skytap.L_PublishedServicesTest@2c9f9fb0]" name="fail" is-config="true" duration-ms="248" started-at="2016-10-22T06:09:14Z" finished-at="2016-10-22T06:09:14Z">
          <params>
            <param index="0">
              <value>
                <![CDATA[[TestResult name=addByPort status=FAILURE method=L_PublishedServicesTest.addByPort()[pri:0, instance:com.test.skytap.L_PublishedServicesTest@2c9f9fb0] output={null}]]]>
              </value>
            </param>
          </params>
          <reporter-output>
          </reporter-output>
        </test-method> <!-- fail -->
        <test-method status="PASS" signature="afterClass()[pri:0, instance:com.test.skytap.L_PublishedServicesTest@2c9f9fb0]" name="afterClass" is-config="true" duration-ms="5979" started-at="2016-10-22T06:09:14Z" finished-at="2016-10-22T06:09:20Z">
          <reporter-output>
          </reporter-output>
        </test-method> <!-- afterClass -->
      </class> <!-- com.test.skytap.L_PublishedServicesTest -->
      <class name="com.test.skytap.R_ConnectivityTest">
        <test-method status="FAIL" signature="beforeClass()[pri:0, instance:com.test.skytap.R_ConnectivityTest@9f70c54]" name="beforeClass" is-config="true" duration-ms="0" started-at="2016-10-22T06:12:11Z" finished-at="2016-10-22T06:12:11Z">
          <exception class="org.openqa.selenium.NoSuchWindowException">
            <message>
              <![CDATA[Window not found. The browser window may have been closed.
Command duration or timeout: 1.15 seconds
Build info: version: '2.53.0', revision: '35ae25b1534ae328c771e0856c93e187490ca824', time: '2016-03-15 10:43:46'
System info: host: 'DESKTOP-M8U4K6K', ip: '192.168.1.5', os.name: 'Windows 10', os.arch: 'amd64', os.version: '10.0', java.version: '1.8.0_91'
Driver info: org.openqa.selenium.firefox.FirefoxDriver
Capabilities [{applicationCacheEnabled=true, rotatable=false, handlesAlerts=true, databaseEnabled=true, version=40.0, platform=WINDOWS, nativeEvents=false, acceptSslCerts=true, webStorageEnabled=true, locationContextEnabled=true, browserName=firefox, takesScreenshot=true, javascriptEnabled=true, cssSelectorsEnabled=true}]
Session ID: 4b475ce8-39f5-40c9-90ea-3d5bc7c6c669]]>
            </message>
            <full-stacktrace>
              <![CDATA[org.openqa.selenium.NoSuchWindowException: Window not found. The browser window may have been closed.
Command duration or timeout: 1.15 seconds
Build info: version: '2.53.0', revision: '35ae25b1534ae328c771e0856c93e187490ca824', time: '2016-03-15 10:43:46'
System info: host: 'DESKTOP-M8U4K6K', ip: '192.168.1.5', os.name: 'Windows 10', os.arch: 'amd64', os.version: '10.0', java.version: '1.8.0_91'
Driver info: org.openqa.selenium.firefox.FirefoxDriver
Capabilities [{applicationCacheEnabled=true, rotatable=false, handlesAlerts=true, databaseEnabled=true, version=40.0, platform=WINDOWS, nativeEvents=false, acceptSslCerts=true, webStorageEnabled=true, locationContextEnabled=true, browserName=firefox, takesScreenshot=true, javascriptEnabled=true, cssSelectorsEnabled=true}]
Session ID: 4b475ce8-39f5-40c9-90ea-3d5bc7c6c669
	at sun.reflect.NativeConstructorAccessorImpl.newInstance0(Native Method)
	at sun.reflect.NativeConstructorAccessorImpl.newInstance(NativeConstructorAccessorImpl.java:62)
	at sun.reflect.DelegatingConstructorAccessorImpl.newInstance(DelegatingConstructorAccessorImpl.java:45)
	at java.lang.reflect.Constructor.newInstance(Constructor.java:423)
	at org.openqa.selenium.remote.ErrorHandler.createThrowable(ErrorHandler.java:206)
	at org.openqa.selenium.remote.ErrorHandler.throwIfResponseFailed(ErrorHandler.java:158)
	at org.openqa.selenium.remote.RemoteWebDriver.execute(RemoteWebDriver.java:678)
	at org.openqa.selenium.remote.RemoteWebDriver$RemoteWebDriverOptions$RemoteWindow.maximize(RemoteWebDriver.java:945)
	at com.test.skytap.BaseFixture.getFFbrowser(BaseFixture.java:111)
	at com.test.skytap.BaseFixture.readbrowser(BaseFixture.java:140)
	at com.test.skytap.R_ConnectivityTest.beforeClass(R_ConnectivityTest.java:17)
	at sun.reflect.NativeMethodAccessorImpl.invoke0(Native Method)
	at sun.reflect.NativeMethodAccessorImpl.invoke(NativeMethodAccessorImpl.java:62)
	at sun.reflect.DelegatingMethodAccessorImpl.invoke(DelegatingMethodAccessorImpl.java:43)
	at java.lang.reflect.Method.invoke(Method.java:498)
	at org.testng.internal.MethodInvocationHelper.invokeMethod(MethodInvocationHelper.java:86)
	at org.testng.internal.Invoker.invokeConfigurationMethod(Invoker.java:514)
	at org.testng.internal.Invoker.invokeConfigurations(Invoker.java:215)
	at org.testng.internal.Invoker.invokeConfigurations(Invoker.java:142)
	at org.testng.internal.TestMethodWorker.invokeBeforeClassMethods(TestMethodWorker.java:178)
	at org.testng.internal.TestMethodWorker.run(TestMethodWorker.java:108)
	at org.testng.TestRunner.privateRun(TestRunner.java:782)
	at org.testng.TestRunner.run(TestRunner.java:632)
	at org.testng.SuiteRunner.runTest(SuiteRunner.java:366)
	at org.testng.SuiteRunner.runSequentially(SuiteRunner.java:361)
	at org.testng.SuiteRunner.privateRun(SuiteRunner.java:319)
	at org.testng.SuiteRunner.run(SuiteRunner.java:268)
	at org.testng.SuiteRunnerWorker.runSuite(SuiteRunnerWorker.java:52)
	at org.testng.SuiteRunnerWorker.run(SuiteRunnerWorker.java:86)
	at org.testng.TestNG.runSuitesSequentially(TestNG.java:1244)
	at org.testng.TestNG.runSuitesLocally(TestNG.java:1169)
	at org.testng.TestNG.run(TestNG.java:1064)
	at org.apache.maven.surefire.testng.TestNGExecutor.run(TestNGExecutor.java:77)
	at org.apache.maven.surefire.testng.TestNGDirectoryTestSuite.executeMulti(TestNGDirectoryTestSuite.java:159)
	at org.apache.maven.surefire.testng.TestNGDirectoryTestSuite.execute(TestNGDirectoryTestSuite.java:99)
	at org.apache.maven.surefire.testng.TestNGProvider.invoke(TestNGProvider.java:106)
	at sun.reflect.NativeMethodAccessorImpl.invoke0(Native Method)
	at sun.reflect.NativeMethodAccessorImpl.invoke(NativeMethodAccessorImpl.java:62)
	at sun.reflect.DelegatingMethodAccessorImpl.invoke(DelegatingMethodAccessorImpl.java:43)
	at java.lang.reflect.Method.invoke(Method.java:498)
	at org.apache.maven.surefire.util.ReflectionUtils.invokeMethodWithArray(ReflectionUtils.java:189)
	at org.apache.maven.surefire.booter.ProviderFactory$ProviderProxy.invoke(ProviderFactory.java:165)
	at org.apache.maven.surefire.booter.ProviderFactory.invokeProvider(ProviderFactory.java:85)
	at org.apache.maven.surefire.booter.ForkedBooter.runSuitesInProcess(ForkedBooter.java:115)
	at org.apache.maven.surefire.booter.ForkedBooter.main(ForkedBooter.java:75)
Caused by: org.openqa.selenium.NoSuchWindowException: Window not found. The browser window may have been closed.
Build info: version: '2.53.0', revision: '35ae25b1534ae328c771e0856c93e187490ca824', time: '2016-03-15 10:43:46'
System info: host: 'DESKTOP-M8U4K6K', ip: '192.168.1.5', os.name: 'Windows 10', os.arch: 'amd64', os.version: '10.0', java.version: '1.8.0_91'
Driver info: driver.version: unknown
	at <anonymous class>.nsCommandProcessor.prototype.execute(file:///C:/Users/QA/AppData/Local/Temp/anonymous2478382722373882149webdriver-profile/extensions/fxdriver@googlecode.com/components/command-processor.js:12715)
	at <anonymous class>.Dispatcher.executeAs/<(file:///C:/Users/QA/AppData/Local/Temp/anonymous2478382722373882149webdriver-profile/extensions/fxdriver@googlecode.com/components/driver-component.js:9558)
	at <anonymous class>.Resource.prototype.handle(file:///C:/Users/QA/AppData/Local/Temp/anonymous2478382722373882149webdriver-profile/extensions/fxdriver@googlecode.com/components/driver-component.js:9705)
	at <anonymous class>.Dispatcher.prototype.dispatch(file:///C:/Users/QA/AppData/Local/Temp/anonymous2478382722373882149webdriver-profile/extensions/fxdriver@googlecode.com/components/driver-component.js:9652)
	at <anonymous class>.WebDriverServer/<.handle(file:///C:/Users/QA/AppData/Local/Temp/anonymous2478382722373882149webdriver-profile/extensions/fxdriver@googlecode.com/components/driver-component.js:12517)
	at <anonymous class>.createHandlerFunc/<(file:///C:/Users/QA/AppData/Local/Temp/anonymous2478382722373882149webdriver-profile/extensions/fxdriver@googlecode.com/components/httpd.js:2054)
	at <anonymous class>.ServerHandler.prototype.handleResponse(file:///C:/Users/QA/AppData/Local/Temp/anonymous2478382722373882149webdriver-profile/extensions/fxdriver@googlecode.com/components/httpd.js:2387)
	at <anonymous class>.Connection.prototype.process(file:///C:/Users/QA/AppData/Local/Temp/anonymous2478382722373882149webdriver-profile/extensions/fxdriver@googlecode.com/components/httpd.js:1223)
	at <anonymous class>.RequestReader.prototype._handleResponse(file:///C:/Users/QA/AppData/Local/Temp/anonymous2478382722373882149webdriver-profile/extensions/fxdriver@googlecode.com/components/httpd.js:1677)
	at <anonymous class>.RequestReader.prototype._processBody(file:///C:/Users/QA/AppData/Local/Temp/anonymous2478382722373882149webdriver-profile/extensions/fxdriver@googlecode.com/components/httpd.js:1525)
	at <anonymous class>.RequestReader.prototype.onInputStreamReady(file:///C:/Users/QA/AppData/Local/Temp/anonymous2478382722373882149webdriver-profile/extensions/fxdriver@googlecode.com/components/httpd.js:1393)
]]>
            </full-stacktrace>
          </exception> <!-- org.openqa.selenium.NoSuchWindowException -->
          <reporter-output>
          </reporter-output>
        </test-method> <!-- beforeClass -->
        <test-method status="SKIP" signature="connectivity()[pri:0, instance:com.test.skytap.R_ConnectivityTest@9f70c54]" name="connectivity" duration-ms="1" started-at="2016-10-22T06:13:48Z" finished-at="2016-10-22T06:13:48Z">
          <reporter-output>
          </reporter-output>
        </test-method> <!-- connectivity -->
        <test-method status="SKIP" signature="fail(org.testng.ITestResult)[pri:0, instance:com.test.skytap.R_ConnectivityTest@9f70c54]" name="fail" is-config="true" duration-ms="0" started-at="2016-10-22T06:13:48Z" finished-at="2016-10-22T06:13:48Z">
          <reporter-output>
          </reporter-output>
        </test-method> <!-- fail -->
        <test-method status="SKIP" signature="afterClass()[pri:0, instance:com.test.skytap.R_ConnectivityTest@9f70c54]" name="afterClass" is-config="true" duration-ms="0" started-at="2016-10-22T06:13:49Z" finished-at="2016-10-22T06:13:49Z">
          <reporter-output>
          </reporter-output>
        </test-method> <!-- afterClass -->
      </class> <!-- com.test.skytap.R_ConnectivityTest -->
      <class name="com.test.skytap.G_PIPTest">
        <test-method status="FAIL" signature="beforeClass()[pri:0, instance:com.test.skytap.G_PIPTest@5a61f5df]" name="beforeClass" is-config="true" duration-ms="0" started-at="2016-10-22T05:54:04Z" finished-at="2016-10-22T05:54:04Z">
          <exception class="org.openqa.selenium.remote.UnreachableBrowserException">
            <message>
              <![CDATA[Error communicating with the remote browser. It may have died.
Build info: version: '2.53.0', revision: '35ae25b1534ae328c771e0856c93e187490ca824', time: '2016-03-15 10:43:46'
System info: host: 'DESKTOP-M8U4K6K', ip: '192.168.1.5', os.name: 'Windows 10', os.arch: 'amd64', os.version: '10.0', java.version: '1.8.0_91'
Driver info: driver.version: RemoteWebDriver
Capabilities [{applicationCacheEnabled=true, rotatable=false, handlesAlerts=true, databaseEnabled=true, version=40.0, platform=WINDOWS, nativeEvents=false, acceptSslCerts=true, webStorageEnabled=true, locationContextEnabled=true, browserName=firefox, takesScreenshot=true, javascriptEnabled=true, cssSelectorsEnabled=true}]
Session ID: 2a68c022-6860-46b7-bb54-5e306d2f2a00]]>
            </message>
            <full-stacktrace>
              <![CDATA[org.openqa.selenium.remote.UnreachableBrowserException: Error communicating with the remote browser. It may have died.
Build info: version: '2.53.0', revision: '35ae25b1534ae328c771e0856c93e187490ca824', time: '2016-03-15 10:43:46'
System info: host: 'DESKTOP-M8U4K6K', ip: '192.168.1.5', os.name: 'Windows 10', os.arch: 'amd64', os.version: '10.0', java.version: '1.8.0_91'
Driver info: driver.version: RemoteWebDriver
Capabilities [{applicationCacheEnabled=true, rotatable=false, handlesAlerts=true, databaseEnabled=true, version=40.0, platform=WINDOWS, nativeEvents=false, acceptSslCerts=true, webStorageEnabled=true, locationContextEnabled=true, browserName=firefox, takesScreenshot=true, javascriptEnabled=true, cssSelectorsEnabled=true}]
Session ID: 2a68c022-6860-46b7-bb54-5e306d2f2a00
	at org.openqa.selenium.remote.RemoteWebDriver.execute(RemoteWebDriver.java:665)
	at org.openqa.selenium.remote.RemoteWebDriver.get(RemoteWebDriver.java:316)
	at com.test.skytap.BaseFixture.getFFbrowser(BaseFixture.java:113)
	at com.test.skytap.BaseFixture.readbrowser(BaseFixture.java:140)
	at com.test.skytap.G_PIPTest.beforeClass(G_PIPTest.java:17)
	at sun.reflect.NativeMethodAccessorImpl.invoke0(Native Method)
	at sun.reflect.NativeMethodAccessorImpl.invoke(NativeMethodAccessorImpl.java:62)
	at sun.reflect.DelegatingMethodAccessorImpl.invoke(DelegatingMethodAccessorImpl.java:43)
	at java.lang.reflect.Method.invoke(Method.java:498)
	at org.testng.internal.MethodInvocationHelper.invokeMethod(MethodInvocationHelper.java:86)
	at org.testng.internal.Invoker.invokeConfigurationMethod(Invoker.java:514)
	at org.testng.internal.Invoker.invokeConfigurations(Invoker.java:215)
	at org.testng.internal.Invoker.invokeConfigurations(Invoker.java:142)
	at org.testng.internal.TestMethodWorker.invokeBeforeClassMethods(TestMethodWorker.java:178)
	at org.testng.internal.TestMethodWorker.run(TestMethodWorker.java:108)
	at org.testng.TestRunner.privateRun(TestRunner.java:782)
	at org.testng.TestRunner.run(TestRunner.java:632)
	at org.testng.SuiteRunner.runTest(SuiteRunner.java:366)
	at org.testng.SuiteRunner.runSequentially(SuiteRunner.java:361)
	at org.testng.SuiteRunner.privateRun(SuiteRunner.java:319)
	at org.testng.SuiteRunner.run(SuiteRunner.java:268)
	at org.testng.SuiteRunnerWorker.runSuite(SuiteRunnerWorker.java:52)
	at org.testng.SuiteRunnerWorker.run(SuiteRunnerWorker.java:86)
	at org.testng.TestNG.runSuitesSequentially(TestNG.java:1244)
	at org.testng.TestNG.runSuitesLocally(TestNG.java:1169)
	at org.testng.TestNG.run(TestNG.java:1064)
	at org.apache.maven.surefire.testng.TestNGExecutor.run(TestNGExecutor.java:77)
	at org.apache.maven.surefire.testng.TestNGDirectoryTestSuite.executeMulti(TestNGDirectoryTestSuite.java:159)
	at org.apache.maven.surefire.testng.TestNGDirectoryTestSuite.execute(TestNGDirectoryTestSuite.java:99)
	at org.apache.maven.surefire.testng.TestNGProvider.invoke(TestNGProvider.java:106)
	at sun.reflect.NativeMethodAccessorImpl.invoke0(Native Method)
	at sun.reflect.NativeMethodAccessorImpl.invoke(NativeMethodAccessorImpl.java:62)
	at sun.reflect.DelegatingMethodAccessorImpl.invoke(DelegatingMethodAccessorImpl.java:43)
	at java.lang.reflect.Method.invoke(Method.java:498)
	at org.apache.maven.surefire.util.ReflectionUtils.invokeMethodWithArray(ReflectionUtils.java:189)
	at org.apache.maven.surefire.booter.ProviderFactory$ProviderProxy.invoke(ProviderFactory.java:165)
	at org.apache.maven.surefire.booter.ProviderFactory.invokeProvider(ProviderFactory.java:85)
	at org.apache.maven.surefire.booter.ForkedBooter.runSuitesInProcess(ForkedBooter.java:115)
	at org.apache.maven.surefire.booter.ForkedBooter.main(ForkedBooter.java:75)
Caused by: org.apache.http.conn.HttpHostConnectException: Connect to 127.0.0.1:7055 [/127.0.0.1] failed: Connection refused: connect
	at org.apache.http.impl.conn.DefaultHttpClientConnectionOperator.connect(DefaultHttpClientConnectionOperator.java:151)
	at org.apache.http.impl.conn.PoolingHttpClientConnectionManager.connect(PoolingHttpClientConnectionManager.java:353)
	at org.apache.http.impl.execchain.MainClientExec.establishRoute(MainClientExec.java:380)
	at org.apache.http.impl.execchain.MainClientExec.execute(MainClientExec.java:236)
	at org.apache.http.impl.execchain.ProtocolExec.execute(ProtocolExec.java:184)
	at org.apache.http.impl.execchain.RetryExec.execute(RetryExec.java:88)
	at org.apache.http.impl.execchain.RedirectExec.execute(RedirectExec.java:110)
	at org.apache.http.impl.client.InternalHttpClient.doExecute(InternalHttpClient.java:184)
	at org.apache.http.impl.client.CloseableHttpClient.execute(CloseableHttpClient.java:71)
	at org.apache.http.impl.client.CloseableHttpClient.execute(CloseableHttpClient.java:55)
	at org.openqa.selenium.remote.internal.ApacheHttpClient.fallBackExecute(ApacheHttpClient.java:162)
	at org.openqa.selenium.remote.internal.ApacheHttpClient.execute(ApacheHttpClient.java:90)
	at org.openqa.selenium.remote.HttpCommandExecutor.execute(HttpCommandExecutor.java:142)
	at org.openqa.selenium.firefox.internal.NewProfileExtensionConnection.execute(NewProfileExtensionConnection.java:160)
	at org.openqa.selenium.firefox.FirefoxDriver$LazyCommandExecutor.execute(FirefoxDriver.java:380)
	at org.openqa.selenium.remote.RemoteWebDriver.execute(RemoteWebDriver.java:644)
	... 38 more
Caused by: java.net.ConnectException: Connection refused: connect
	at java.net.DualStackPlainSocketImpl.waitForConnect(Native Method)
	at java.net.DualStackPlainSocketImpl.socketConnect(DualStackPlainSocketImpl.java:85)
	at java.net.AbstractPlainSocketImpl.doConnect(AbstractPlainSocketImpl.java:350)
	at java.net.AbstractPlainSocketImpl.connectToAddress(AbstractPlainSocketImpl.java:206)
	at java.net.AbstractPlainSocketImpl.connect(AbstractPlainSocketImpl.java:188)
	at java.net.PlainSocketImpl.connect(PlainSocketImpl.java:172)
	at java.net.SocksSocketImpl.connect(SocksSocketImpl.java:392)
	at java.net.Socket.connect(Socket.java:589)
	at org.apache.http.conn.socket.PlainConnectionSocketFactory.connectSocket(PlainConnectionSocketFactory.java:74)
	at org.apache.http.impl.conn.DefaultHttpClientConnectionOperator.connect(DefaultHttpClientConnectionOperator.java:134)
	... 53 more
]]>
            </full-stacktrace>
          </exception> <!-- org.openqa.selenium.remote.UnreachableBrowserException -->
          <reporter-output>
          </reporter-output>
        </test-method> <!-- beforeClass -->
        <test-method status="SKIP" signature="fetchPIP()[pri:0, instance:com.test.skytap.G_PIPTest@5a61f5df]" name="fetchPIP" duration-ms="0" started-at="2016-10-22T05:55:04Z" finished-at="2016-10-22T05:55:04Z">
          <reporter-output>
          </reporter-output>
        </test-method> <!-- fetchPIP -->
        <test-method status="SKIP" signature="fail(org.testng.ITestResult)[pri:0, instance:com.test.skytap.G_PIPTest@5a61f5df]" name="fail" is-config="true" duration-ms="0" started-at="2016-10-22T05:55:04Z" finished-at="2016-10-22T05:55:04Z">
          <reporter-output>
          </reporter-output>
        </test-method> <!-- fail -->
        <test-method status="SKIP" signature="releasePIP()[pri:0, instance:com.test.skytap.G_PIPTest@5a61f5df]" name="releasePIP" duration-ms="1" started-at="2016-10-22T05:55:04Z" finished-at="2016-10-22T05:55:04Z">
          <reporter-output>
          </reporter-output>
        </test-method> <!-- releasePIP -->
        <test-method status="SKIP" signature="fail(org.testng.ITestResult)[pri:0, instance:com.test.skytap.G_PIPTest@5a61f5df]" name="fail" is-config="true" duration-ms="0" started-at="2016-10-22T05:55:04Z" finished-at="2016-10-22T05:55:04Z">
          <reporter-output>
          </reporter-output>
        </test-method> <!-- fail -->
        <test-method status="SKIP" signature="afterClass()[pri:0, instance:com.test.skytap.G_PIPTest@5a61f5df]" name="afterClass" is-config="true" duration-ms="0" started-at="2016-10-22T05:55:04Z" finished-at="2016-10-22T05:55:04Z">
          <reporter-output>
          </reporter-output>
        </test-method> <!-- afterClass -->
      </class> <!-- com.test.skytap.G_PIPTest -->
      <class name="com.test.skytap.K_SharingPortalTest">
        <test-method status="FAIL" signature="beforeClass()[pri:0, instance:com.test.skytap.K_SharingPortalTest@735b478]" name="beforeClass" is-config="true" duration-ms="0" started-at="2016-10-22T06:04:32Z" finished-at="2016-10-22T06:04:32Z">
          <exception class="org.openqa.selenium.remote.UnreachableBrowserException">
            <message>
              <![CDATA[Error communicating with the remote browser. It may have died.
Build info: version: '2.53.0', revision: '35ae25b1534ae328c771e0856c93e187490ca824', time: '2016-03-15 10:43:46'
System info: host: 'DESKTOP-M8U4K6K', ip: '192.168.1.5', os.name: 'Windows 10', os.arch: 'amd64', os.version: '10.0', java.version: '1.8.0_91'
Driver info: driver.version: RemoteWebDriver
Capabilities [{applicationCacheEnabled=true, rotatable=false, handlesAlerts=true, databaseEnabled=true, version=40.0, platform=WINDOWS, nativeEvents=false, acceptSslCerts=true, webStorageEnabled=true, locationContextEnabled=true, browserName=firefox, takesScreenshot=true, javascriptEnabled=true, cssSelectorsEnabled=true}]
Session ID: e7e9b3bc-6c34-462a-a892-8a0098cb44fd]]>
            </message>
            <full-stacktrace>
              <![CDATA[org.openqa.selenium.remote.UnreachableBrowserException: Error communicating with the remote browser. It may have died.
Build info: version: '2.53.0', revision: '35ae25b1534ae328c771e0856c93e187490ca824', time: '2016-03-15 10:43:46'
System info: host: 'DESKTOP-M8U4K6K', ip: '192.168.1.5', os.name: 'Windows 10', os.arch: 'amd64', os.version: '10.0', java.version: '1.8.0_91'
Driver info: driver.version: RemoteWebDriver
Capabilities [{applicationCacheEnabled=true, rotatable=false, handlesAlerts=true, databaseEnabled=true, version=40.0, platform=WINDOWS, nativeEvents=false, acceptSslCerts=true, webStorageEnabled=true, locationContextEnabled=true, browserName=firefox, takesScreenshot=true, javascriptEnabled=true, cssSelectorsEnabled=true}]
Session ID: e7e9b3bc-6c34-462a-a892-8a0098cb44fd
	at org.openqa.selenium.remote.RemoteWebDriver.execute(RemoteWebDriver.java:665)
	at org.openqa.selenium.remote.RemoteWebDriver.get(RemoteWebDriver.java:316)
	at com.test.skytap.BaseFixture.getFFbrowser(BaseFixture.java:113)
	at com.test.skytap.BaseFixture.readbrowser(BaseFixture.java:140)
	at com.test.skytap.K_SharingPortalTest.beforeClass(K_SharingPortalTest.java:20)
	at sun.reflect.NativeMethodAccessorImpl.invoke0(Native Method)
	at sun.reflect.NativeMethodAccessorImpl.invoke(NativeMethodAccessorImpl.java:62)
	at sun.reflect.DelegatingMethodAccessorImpl.invoke(DelegatingMethodAccessorImpl.java:43)
	at java.lang.reflect.Method.invoke(Method.java:498)
	at org.testng.internal.MethodInvocationHelper.invokeMethod(MethodInvocationHelper.java:86)
	at org.testng.internal.Invoker.invokeConfigurationMethod(Invoker.java:514)
	at org.testng.internal.Invoker.invokeConfigurations(Invoker.java:215)
	at org.testng.internal.Invoker.invokeConfigurations(Invoker.java:142)
	at org.testng.internal.TestMethodWorker.invokeBeforeClassMethods(TestMethodWorker.java:178)
	at org.testng.internal.TestMethodWorker.run(TestMethodWorker.java:108)
	at org.testng.TestRunner.privateRun(TestRunner.java:782)
	at org.testng.TestRunner.run(TestRunner.java:632)
	at org.testng.SuiteRunner.runTest(SuiteRunner.java:366)
	at org.testng.SuiteRunner.runSequentially(SuiteRunner.java:361)
	at org.testng.SuiteRunner.privateRun(SuiteRunner.java:319)
	at org.testng.SuiteRunner.run(SuiteRunner.java:268)
	at org.testng.SuiteRunnerWorker.runSuite(SuiteRunnerWorker.java:52)
	at org.testng.SuiteRunnerWorker.run(SuiteRunnerWorker.java:86)
	at org.testng.TestNG.runSuitesSequentially(TestNG.java:1244)
	at org.testng.TestNG.runSuitesLocally(TestNG.java:1169)
	at org.testng.TestNG.run(TestNG.java:1064)
	at org.apache.maven.surefire.testng.TestNGExecutor.run(TestNGExecutor.java:77)
	at org.apache.maven.surefire.testng.TestNGDirectoryTestSuite.executeMulti(TestNGDirectoryTestSuite.java:159)
	at org.apache.maven.surefire.testng.TestNGDirectoryTestSuite.execute(TestNGDirectoryTestSuite.java:99)
	at org.apache.maven.surefire.testng.TestNGProvider.invoke(TestNGProvider.java:106)
	at sun.reflect.NativeMethodAccessorImpl.invoke0(Native Method)
	at sun.reflect.NativeMethodAccessorImpl.invoke(NativeMethodAccessorImpl.java:62)
	at sun.reflect.DelegatingMethodAccessorImpl.invoke(DelegatingMethodAccessorImpl.java:43)
	at java.lang.reflect.Method.invoke(Method.java:498)
	at org.apache.maven.surefire.util.ReflectionUtils.invokeMethodWithArray(ReflectionUtils.java:189)
	at org.apache.maven.surefire.booter.ProviderFactory$ProviderProxy.invoke(ProviderFactory.java:165)
	at org.apache.maven.surefire.booter.ProviderFactory.invokeProvider(ProviderFactory.java:85)
	at org.apache.maven.surefire.booter.ForkedBooter.runSuitesInProcess(ForkedBooter.java:115)
	at org.apache.maven.surefire.booter.ForkedBooter.main(ForkedBooter.java:75)
Caused by: org.apache.http.conn.HttpHostConnectException: Connect to 127.0.0.1:7055 [/127.0.0.1] failed: Connection refused: connect
	at org.apache.http.impl.conn.DefaultHttpClientConnectionOperator.connect(DefaultHttpClientConnectionOperator.java:151)
	at org.apache.http.impl.conn.PoolingHttpClientConnectionManager.connect(PoolingHttpClientConnectionManager.java:353)
	at org.apache.http.impl.execchain.MainClientExec.establishRoute(MainClientExec.java:380)
	at org.apache.http.impl.execchain.MainClientExec.execute(MainClientExec.java:236)
	at org.apache.http.impl.execchain.ProtocolExec.execute(ProtocolExec.java:184)
	at org.apache.http.impl.execchain.RetryExec.execute(RetryExec.java:88)
	at org.apache.http.impl.execchain.RedirectExec.execute(RedirectExec.java:110)
	at org.apache.http.impl.client.InternalHttpClient.doExecute(InternalHttpClient.java:184)
	at org.apache.http.impl.client.CloseableHttpClient.execute(CloseableHttpClient.java:71)
	at org.apache.http.impl.client.CloseableHttpClient.execute(CloseableHttpClient.java:55)
	at org.openqa.selenium.remote.internal.ApacheHttpClient.fallBackExecute(ApacheHttpClient.java:162)
	at org.openqa.selenium.remote.internal.ApacheHttpClient.execute(ApacheHttpClient.java:90)
	at org.openqa.selenium.remote.HttpCommandExecutor.execute(HttpCommandExecutor.java:142)
	at org.openqa.selenium.firefox.internal.NewProfileExtensionConnection.execute(NewProfileExtensionConnection.java:160)
	at org.openqa.selenium.firefox.FirefoxDriver$LazyCommandExecutor.execute(FirefoxDriver.java:380)
	at org.openqa.selenium.remote.RemoteWebDriver.execute(RemoteWebDriver.java:644)
	... 38 more
Caused by: java.net.ConnectException: Connection refused: connect
	at java.net.DualStackPlainSocketImpl.waitForConnect(Native Method)
	at java.net.DualStackPlainSocketImpl.socketConnect(DualStackPlainSocketImpl.java:85)
	at java.net.AbstractPlainSocketImpl.doConnect(AbstractPlainSocketImpl.java:350)
	at java.net.AbstractPlainSocketImpl.connectToAddress(AbstractPlainSocketImpl.java:206)
	at java.net.AbstractPlainSocketImpl.connect(AbstractPlainSocketImpl.java:188)
	at java.net.PlainSocketImpl.connect(PlainSocketImpl.java:172)
	at java.net.SocksSocketImpl.connect(SocksSocketImpl.java:392)
	at java.net.Socket.connect(Socket.java:589)
	at org.apache.http.conn.socket.PlainConnectionSocketFactory.connectSocket(PlainConnectionSocketFactory.java:74)
	at org.apache.http.impl.conn.DefaultHttpClientConnectionOperator.connect(DefaultHttpClientConnectionOperator.java:134)
	... 53 more
]]>
            </full-stacktrace>
          </exception> <!-- org.openqa.selenium.remote.UnreachableBrowserException -->
          <reporter-output>
          </reporter-output>
        </test-method> <!-- beforeClass -->
        <test-method status="SKIP" signature="clickLeavePageOnPopUp()[pri:0, instance:com.test.skytap.K_SharingPortalTest@735b478]" name="clickLeavePageOnPopUp" is-config="true" duration-ms="0" started-at="2016-10-22T06:05:24Z" finished-at="2016-10-22T06:05:24Z">
          <reporter-output>
          </reporter-output>
        </test-method> <!-- clickLeavePageOnPopUp -->
        <test-method status="SKIP" signature="fail(org.testng.ITestResult)[pri:0, instance:com.test.skytap.K_SharingPortalTest@735b478]" name="fail" is-config="true" duration-ms="0" started-at="2016-10-22T06:05:24Z" finished-at="2016-10-22T06:05:24Z">
          <reporter-output>
          </reporter-output>
        </test-method> <!-- fail -->
        <test-method status="SKIP" signature="fail(org.testng.ITestResult)[pri:0, instance:com.test.skytap.K_SharingPortalTest@735b478]" name="fail" is-config="true" duration-ms="0" started-at="2016-10-22T06:05:24Z" finished-at="2016-10-22T06:05:24Z">
          <reporter-output>
          </reporter-output>
        </test-method> <!-- fail -->
        <test-method status="SKIP" signature="clickLeavePageOnPopUp()[pri:0, instance:com.test.skytap.K_SharingPortalTest@735b478]" name="clickLeavePageOnPopUp" is-config="true" duration-ms="0" started-at="2016-10-22T06:05:24Z" finished-at="2016-10-22T06:05:24Z">
          <reporter-output>
          </reporter-output>
        </test-method> <!-- clickLeavePageOnPopUp -->
        <test-method status="SKIP" signature="AccessGMTSingleVM()[pri:0, instance:com.test.skytap.K_SharingPortalTest@735b478]" name="AccessGMTSingleVM" duration-ms="0" started-at="2016-10-22T06:05:24Z" finished-at="2016-10-22T06:05:24Z">
          <reporter-output>
          </reporter-output>
        </test-method> <!-- AccessGMTSingleVM -->
        <test-method status="SKIP" signature="AccessISTMultipleVM()[pri:0, instance:com.test.skytap.K_SharingPortalTest@735b478]" name="AccessISTMultipleVM" duration-ms="0" started-at="2016-10-22T06:05:24Z" finished-at="2016-10-22T06:05:24Z">
          <reporter-output>
          </reporter-output>
        </test-method> <!-- AccessISTMultipleVM -->
        <test-method status="SKIP" signature="clickLeavePageOnPopUp()[pri:0, instance:com.test.skytap.K_SharingPortalTest@735b478]" name="clickLeavePageOnPopUp" is-config="true" duration-ms="0" started-at="2016-10-22T06:05:24Z" finished-at="2016-10-22T06:05:24Z">
          <reporter-output>
          </reporter-output>
        </test-method> <!-- clickLeavePageOnPopUp -->
        <test-method status="SKIP" signature="fail(org.testng.ITestResult)[pri:0, instance:com.test.skytap.K_SharingPortalTest@735b478]" name="fail" is-config="true" duration-ms="0" started-at="2016-10-22T06:05:24Z" finished-at="2016-10-22T06:05:24Z">
          <reporter-output>
          </reporter-output>
        </test-method> <!-- fail -->
        <test-method status="SKIP" signature="AccessGMTMultipleVM()[pri:0, instance:com.test.skytap.K_SharingPortalTest@735b478]" name="AccessGMTMultipleVM" duration-ms="0" started-at="2016-10-22T06:05:24Z" finished-at="2016-10-22T06:05:24Z">
          <reporter-output>
          </reporter-output>
        </test-method> <!-- AccessGMTMultipleVM -->
        <test-method status="SKIP" signature="fail(org.testng.ITestResult)[pri:0, instance:com.test.skytap.K_SharingPortalTest@735b478]" name="fail" is-config="true" duration-ms="0" started-at="2016-10-22T06:05:24Z" finished-at="2016-10-22T06:05:24Z">
          <reporter-output>
          </reporter-output>
        </test-method> <!-- fail -->
        <test-method status="SKIP" signature="fail(org.testng.ITestResult)[pri:0, instance:com.test.skytap.K_SharingPortalTest@735b478]" name="fail" is-config="true" duration-ms="0" started-at="2016-10-22T06:05:24Z" finished-at="2016-10-22T06:05:24Z">
          <reporter-output>
          </reporter-output>
        </test-method> <!-- fail -->
        <test-method status="SKIP" signature="fail(org.testng.ITestResult)[pri:0, instance:com.test.skytap.K_SharingPortalTest@735b478]" name="fail" is-config="true" duration-ms="0" started-at="2016-10-22T06:05:24Z" finished-at="2016-10-22T06:05:24Z">
          <reporter-output>
          </reporter-output>
        </test-method> <!-- fail -->
        <test-method status="SKIP" signature="clickLeavePageOnPopUp()[pri:0, instance:com.test.skytap.K_SharingPortalTest@735b478]" name="clickLeavePageOnPopUp" is-config="true" duration-ms="0" started-at="2016-10-22T06:05:24Z" finished-at="2016-10-22T06:05:24Z">
          <reporter-output>
          </reporter-output>
        </test-method> <!-- clickLeavePageOnPopUp -->
        <test-method status="SKIP" signature="powerActionsMultipleVM()[pri:0, instance:com.test.skytap.K_SharingPortalTest@735b478]" name="powerActionsMultipleVM" duration-ms="0" started-at="2016-10-22T06:05:24Z" finished-at="2016-10-22T06:05:24Z">
          <reporter-output>
          </reporter-output>
        </test-method> <!-- powerActionsMultipleVM -->
        <test-method status="SKIP" signature="passwordPortalMultipleVM()[pri:0, instance:com.test.skytap.K_SharingPortalTest@735b478]" name="passwordPortalMultipleVM" duration-ms="0" started-at="2016-10-22T06:05:24Z" finished-at="2016-10-22T06:05:24Z">
          <reporter-output>
          </reporter-output>
        </test-method> <!-- passwordPortalMultipleVM -->
        <test-method status="SKIP" signature="fail(org.testng.ITestResult)[pri:0, instance:com.test.skytap.K_SharingPortalTest@735b478]" name="fail" is-config="true" duration-ms="0" started-at="2016-10-22T06:05:24Z" finished-at="2016-10-22T06:05:24Z">
          <reporter-output>
          </reporter-output>
        </test-method> <!-- fail -->
        <test-method status="SKIP" signature="clickLeavePageOnPopUp()[pri:0, instance:com.test.skytap.K_SharingPortalTest@735b478]" name="clickLeavePageOnPopUp" is-config="true" duration-ms="0" started-at="2016-10-22T06:05:24Z" finished-at="2016-10-22T06:05:24Z">
          <reporter-output>
          </reporter-output>
        </test-method> <!-- clickLeavePageOnPopUp -->
        <test-method status="SKIP" signature="AccessISTSingleVM()[pri:0, instance:com.test.skytap.K_SharingPortalTest@735b478]" name="AccessISTSingleVM" duration-ms="0" started-at="2016-10-22T06:05:24Z" finished-at="2016-10-22T06:05:24Z">
          <reporter-output>
          </reporter-output>
        </test-method> <!-- AccessISTSingleVM -->
        <test-method status="SKIP" signature="noPasswordPortalSingleVM()[pri:0, instance:com.test.skytap.K_SharingPortalTest@735b478]" name="noPasswordPortalSingleVM" duration-ms="0" started-at="2016-10-22T06:05:24Z" finished-at="2016-10-22T06:05:24Z">
          <reporter-output>
          </reporter-output>
        </test-method> <!-- noPasswordPortalSingleVM -->
        <test-method status="SKIP" signature="createSharingPortal()[pri:0, instance:com.test.skytap.K_SharingPortalTest@735b478]" name="createSharingPortal" duration-ms="0" started-at="2016-10-22T06:05:24Z" finished-at="2016-10-22T06:05:24Z">
          <reporter-output>
          </reporter-output>
        </test-method> <!-- createSharingPortal -->
        <test-method status="SKIP" signature="clickLeavePageOnPopUp()[pri:0, instance:com.test.skytap.K_SharingPortalTest@735b478]" name="clickLeavePageOnPopUp" is-config="true" duration-ms="0" started-at="2016-10-22T06:05:24Z" finished-at="2016-10-22T06:05:24Z">
          <reporter-output>
          </reporter-output>
        </test-method> <!-- clickLeavePageOnPopUp -->
        <test-method status="SKIP" signature="clickLeavePageOnPopUp()[pri:0, instance:com.test.skytap.K_SharingPortalTest@735b478]" name="clickLeavePageOnPopUp" is-config="true" duration-ms="0" started-at="2016-10-22T06:05:24Z" finished-at="2016-10-22T06:05:24Z">
          <reporter-output>
          </reporter-output>
        </test-method> <!-- clickLeavePageOnPopUp -->
        <test-method status="SKIP" signature="clickLeavePageOnPopUp()[pri:0, instance:com.test.skytap.K_SharingPortalTest@735b478]" name="clickLeavePageOnPopUp" is-config="true" duration-ms="0" started-at="2016-10-22T06:05:24Z" finished-at="2016-10-22T06:05:24Z">
          <reporter-output>
          </reporter-output>
        </test-method> <!-- clickLeavePageOnPopUp -->
        <test-method status="SKIP" signature="clickLeavePageOnPopUp()[pri:0, instance:com.test.skytap.K_SharingPortalTest@735b478]" name="clickLeavePageOnPopUp" is-config="true" duration-ms="0" started-at="2016-10-22T06:05:24Z" finished-at="2016-10-22T06:05:24Z">
          <reporter-output>
          </reporter-output>
        </test-method> <!-- clickLeavePageOnPopUp -->
        <test-method status="SKIP" signature="fail(org.testng.ITestResult)[pri:0, instance:com.test.skytap.K_SharingPortalTest@735b478]" name="fail" is-config="true" duration-ms="0" started-at="2016-10-22T06:05:24Z" finished-at="2016-10-22T06:05:24Z">
          <reporter-output>
          </reporter-output>
        </test-method> <!-- fail -->
        <test-method status="SKIP" signature="fail(org.testng.ITestResult)[pri:0, instance:com.test.skytap.K_SharingPortalTest@735b478]" name="fail" is-config="true" duration-ms="0" started-at="2016-10-22T06:05:24Z" finished-at="2016-10-22T06:05:24Z">
          <reporter-output>
          </reporter-output>
        </test-method> <!-- fail -->
        <test-method status="SKIP" signature="fail(org.testng.ITestResult)[pri:0, instance:com.test.skytap.K_SharingPortalTest@735b478]" name="fail" is-config="true" duration-ms="0" started-at="2016-10-22T06:05:24Z" finished-at="2016-10-22T06:05:24Z">
          <reporter-output>
          </reporter-output>
        </test-method> <!-- fail -->
        <test-method status="SKIP" signature="clickLeavePageOnPopUp()[pri:0, instance:com.test.skytap.K_SharingPortalTest@735b478]" name="clickLeavePageOnPopUp" is-config="true" duration-ms="0" started-at="2016-10-22T06:05:24Z" finished-at="2016-10-22T06:05:24Z">
          <reporter-output>
          </reporter-output>
        </test-method> <!-- clickLeavePageOnPopUp -->
        <test-method status="SKIP" signature="noPasswordPortalMultipleVM()[pri:0, instance:com.test.skytap.K_SharingPortalTest@735b478]" name="noPasswordPortalMultipleVM" duration-ms="0" started-at="2016-10-22T06:05:24Z" finished-at="2016-10-22T06:05:24Z">
          <reporter-output>
          </reporter-output>
        </test-method> <!-- noPasswordPortalMultipleVM -->
        <test-method status="SKIP" signature="passwordPortalSingleVM()[pri:0, instance:com.test.skytap.K_SharingPortalTest@735b478]" name="passwordPortalSingleVM" duration-ms="0" started-at="2016-10-22T06:05:24Z" finished-at="2016-10-22T06:05:24Z">
          <reporter-output>
          </reporter-output>
        </test-method> <!-- passwordPortalSingleVM -->
        <test-method status="SKIP" signature="afterClass()[pri:0, instance:com.test.skytap.K_SharingPortalTest@735b478]" name="afterClass" is-config="true" duration-ms="0" started-at="2016-10-22T06:05:24Z" finished-at="2016-10-22T06:05:24Z">
          <reporter-output>
          </reporter-output>
        </test-method> <!-- afterClass -->
        <test-method status="SKIP" signature="fail(org.testng.ITestResult)[pri:0, instance:com.test.skytap.K_SharingPortalTest@735b478]" name="fail" is-config="true" duration-ms="0" started-at="2016-10-22T06:05:24Z" finished-at="2016-10-22T06:05:24Z">
          <reporter-output>
          </reporter-output>
        </test-method> <!-- fail -->
        <test-method status="SKIP" signature="clickLeavePageOnPopUp()[pri:0, instance:com.test.skytap.K_SharingPortalTest@735b478]" name="clickLeavePageOnPopUp" is-config="true" duration-ms="0" started-at="2016-10-22T06:05:24Z" finished-at="2016-10-22T06:05:24Z">
          <reporter-output>
          </reporter-output>
        </test-method> <!-- clickLeavePageOnPopUp -->
        <test-method status="SKIP" signature="powerActionsSingleVM()[pri:0, instance:com.test.skytap.K_SharingPortalTest@735b478]" name="powerActionsSingleVM" duration-ms="0" started-at="2016-10-22T06:05:24Z" finished-at="2016-10-22T06:05:24Z">
          <reporter-output>
          </reporter-output>
        </test-method> <!-- powerActionsSingleVM -->
      </class> <!-- com.test.skytap.K_SharingPortalTest -->
      <class name="com.test.skytap.Q_ImportExportTest">
        <test-method status="PASS" signature="beforeClass()[pri:0, instance:com.test.skytap.Q_ImportExportTest@2096442d]" name="beforeClass" is-config="true" duration-ms="81528" started-at="2016-10-22T06:09:20Z" finished-at="2016-10-22T06:10:42Z">
          <reporter-output>
            <line>
              <![CDATA[Successfully logged in with Admin User - Automation_qait]]>
            </line>
          </reporter-output>
        </test-method> <!-- beforeClass -->
        <test-method status="FAIL" signature="exportVM()[pri:0, instance:com.test.skytap.Q_ImportExportTest@2096442d]" name="exportVM" duration-ms="82755" started-at="2016-10-22T06:10:42Z" finished-at="2016-10-22T06:12:04Z">
          <exception class="org.openqa.selenium.remote.UnreachableBrowserException">
            <message>
              <![CDATA[Error communicating with the remote browser. It may have died.
Build info: version: '2.53.0', revision: '35ae25b1534ae328c771e0856c93e187490ca824', time: '2016-03-15 10:43:46'
System info: host: 'DESKTOP-M8U4K6K', ip: '192.168.1.5', os.name: 'Windows 10', os.arch: 'amd64', os.version: '10.0', java.version: '1.8.0_91'
Driver info: driver.version: RemoteWebDriver
Capabilities [{applicationCacheEnabled=true, rotatable=false, handlesAlerts=true, databaseEnabled=true, version=40.0, platform=WINDOWS, nativeEvents=false, acceptSslCerts=true, webStorageEnabled=true, locationContextEnabled=true, browserName=firefox, takesScreenshot=true, javascriptEnabled=true, cssSelectorsEnabled=true}]
Session ID: 5d18d5cb-bf78-4573-9286-6d273bac3df2]]>
            </message>
            <full-stacktrace>
              <![CDATA[org.openqa.selenium.remote.UnreachableBrowserException: Error communicating with the remote browser. It may have died.
Build info: version: '2.53.0', revision: '35ae25b1534ae328c771e0856c93e187490ca824', time: '2016-03-15 10:43:46'
System info: host: 'DESKTOP-M8U4K6K', ip: '192.168.1.5', os.name: 'Windows 10', os.arch: 'amd64', os.version: '10.0', java.version: '1.8.0_91'
Driver info: driver.version: RemoteWebDriver
Capabilities [{applicationCacheEnabled=true, rotatable=false, handlesAlerts=true, databaseEnabled=true, version=40.0, platform=WINDOWS, nativeEvents=false, acceptSslCerts=true, webStorageEnabled=true, locationContextEnabled=true, browserName=firefox, takesScreenshot=true, javascriptEnabled=true, cssSelectorsEnabled=true}]
Session ID: 5d18d5cb-bf78-4573-9286-6d273bac3df2
	at org.openqa.selenium.remote.RemoteWebDriver.execute(RemoteWebDriver.java:665)
	at org.openqa.selenium.remote.RemoteWebDriver.findElement(RemoteWebDriver.java:363)
	at org.openqa.selenium.remote.RemoteWebDriver.findElementByXPath(RemoteWebDriver.java:500)
	at org.openqa.selenium.By$ByXPath.findElement(By.java:361)
	at org.openqa.selenium.remote.RemoteWebDriver.findElement(RemoteWebDriver.java:355)
	at org.openqa.selenium.support.ui.ExpectedConditions.findElement(ExpectedConditions.java:899)
	at org.openqa.selenium.support.ui.ExpectedConditions.access$000(ExpectedConditions.java:41)
	at org.openqa.selenium.support.ui.ExpectedConditions$7.apply(ExpectedConditions.java:205)
	at org.openqa.selenium.support.ui.ExpectedConditions$7.apply(ExpectedConditions.java:201)
	at org.openqa.selenium.support.ui.FluentWait.until(FluentWait.java:238)
	at com.test.skytap.Q_Import_Export.exportVM(Q_Import_Export.java:23)
	at com.test.skytap.Q_ImportExportTest.exportVM(Q_ImportExportTest.java:30)
	at sun.reflect.NativeMethodAccessorImpl.invoke0(Native Method)
	at sun.reflect.NativeMethodAccessorImpl.invoke(NativeMethodAccessorImpl.java:62)
	at sun.reflect.DelegatingMethodAccessorImpl.invoke(DelegatingMethodAccessorImpl.java:43)
	at java.lang.reflect.Method.invoke(Method.java:498)
	at org.testng.internal.MethodInvocationHelper.invokeMethod(MethodInvocationHelper.java:86)
	at org.testng.internal.Invoker.invokeMethod(Invoker.java:643)
	at org.testng.internal.Invoker.invokeTestMethod(Invoker.java:820)
	at org.testng.internal.Invoker.invokeTestMethods(Invoker.java:1128)
	at org.testng.internal.TestMethodWorker.invokeTestMethods(TestMethodWorker.java:129)
	at org.testng.internal.TestMethodWorker.run(TestMethodWorker.java:112)
	at org.testng.TestRunner.privateRun(TestRunner.java:782)
	at org.testng.TestRunner.run(TestRunner.java:632)
	at org.testng.SuiteRunner.runTest(SuiteRunner.java:366)
	at org.testng.SuiteRunner.runSequentially(SuiteRunner.java:361)
	at org.testng.SuiteRunner.privateRun(SuiteRunner.java:319)
	at org.testng.SuiteRunner.run(SuiteRunner.java:268)
	at org.testng.SuiteRunnerWorker.runSuite(SuiteRunnerWorker.java:52)
	at org.testng.SuiteRunnerWorker.run(SuiteRunnerWorker.java:86)
	at org.testng.TestNG.runSuitesSequentially(TestNG.java:1244)
	at org.testng.TestNG.runSuitesLocally(TestNG.java:1169)
	at org.testng.TestNG.run(TestNG.java:1064)
	at org.apache.maven.surefire.testng.TestNGExecutor.run(TestNGExecutor.java:77)
	at org.apache.maven.surefire.testng.TestNGDirectoryTestSuite.executeMulti(TestNGDirectoryTestSuite.java:159)
	at org.apache.maven.surefire.testng.TestNGDirectoryTestSuite.execute(TestNGDirectoryTestSuite.java:99)
	at org.apache.maven.surefire.testng.TestNGProvider.invoke(TestNGProvider.java:106)
	at sun.reflect.NativeMethodAccessorImpl.invoke0(Native Method)
	at sun.reflect.NativeMethodAccessorImpl.invoke(NativeMethodAccessorImpl.java:62)
	at sun.reflect.DelegatingMethodAccessorImpl.invoke(DelegatingMethodAccessorImpl.java:43)
	at java.lang.reflect.Method.invoke(Method.java:498)
	at org.apache.maven.surefire.util.ReflectionUtils.invokeMethodWithArray(ReflectionUtils.java:189)
	at org.apache.maven.surefire.booter.ProviderFactory$ProviderProxy.invoke(ProviderFactory.java:165)
	at org.apache.maven.surefire.booter.ProviderFactory.invokeProvider(ProviderFactory.java:85)
	at org.apache.maven.surefire.booter.ForkedBooter.runSuitesInProcess(ForkedBooter.java:115)
	at org.apache.maven.surefire.booter.ForkedBooter.main(ForkedBooter.java:75)
Caused by: org.apache.http.conn.HttpHostConnectException: Connect to 127.0.0.1:7055 [/127.0.0.1] failed: Connection refused: connect
	at org.apache.http.impl.conn.DefaultHttpClientConnectionOperator.connect(DefaultHttpClientConnectionOperator.java:151)
	at org.apache.http.impl.conn.PoolingHttpClientConnectionManager.connect(PoolingHttpClientConnectionManager.java:353)
	at org.apache.http.impl.execchain.MainClientExec.establishRoute(MainClientExec.java:380)
	at org.apache.http.impl.execchain.MainClientExec.execute(MainClientExec.java:236)
	at org.apache.http.impl.execchain.ProtocolExec.execute(ProtocolExec.java:184)
	at org.apache.http.impl.execchain.RetryExec.execute(RetryExec.java:88)
	at org.apache.http.impl.execchain.RedirectExec.execute(RedirectExec.java:110)
	at org.apache.http.impl.client.InternalHttpClient.doExecute(InternalHttpClient.java:184)
	at org.apache.http.impl.client.CloseableHttpClient.execute(CloseableHttpClient.java:71)
	at org.apache.http.impl.client.CloseableHttpClient.execute(CloseableHttpClient.java:55)
	at org.openqa.selenium.remote.internal.ApacheHttpClient.fallBackExecute(ApacheHttpClient.java:162)
	at org.openqa.selenium.remote.internal.ApacheHttpClient.execute(ApacheHttpClient.java:90)
	at org.openqa.selenium.remote.HttpCommandExecutor.execute(HttpCommandExecutor.java:142)
	at org.openqa.selenium.firefox.internal.NewProfileExtensionConnection.execute(NewProfileExtensionConnection.java:160)
	at org.openqa.selenium.firefox.FirefoxDriver$LazyCommandExecutor.execute(FirefoxDriver.java:380)
	at org.openqa.selenium.remote.RemoteWebDriver.execute(RemoteWebDriver.java:644)
	... 45 more
Caused by: java.net.ConnectException: Connection refused: connect
	at java.net.DualStackPlainSocketImpl.waitForConnect(Native Method)
	at java.net.DualStackPlainSocketImpl.socketConnect(DualStackPlainSocketImpl.java:85)
	at java.net.AbstractPlainSocketImpl.doConnect(AbstractPlainSocketImpl.java:350)
	at java.net.AbstractPlainSocketImpl.connectToAddress(AbstractPlainSocketImpl.java:206)
	at java.net.AbstractPlainSocketImpl.connect(AbstractPlainSocketImpl.java:188)
	at java.net.PlainSocketImpl.connect(PlainSocketImpl.java:172)
	at java.net.SocksSocketImpl.connect(SocksSocketImpl.java:392)
	at java.net.Socket.connect(Socket.java:589)
	at org.apache.http.conn.socket.PlainConnectionSocketFactory.connectSocket(PlainConnectionSocketFactory.java:74)
	at org.apache.http.impl.conn.DefaultHttpClientConnectionOperator.connect(DefaultHttpClientConnectionOperator.java:134)
	... 60 more
]]>
            </full-stacktrace>
          </exception> <!-- org.openqa.selenium.remote.UnreachableBrowserException -->
          <reporter-output>
          </reporter-output>
        </test-method> <!-- exportVM -->
        <test-method status="PASS" signature="fail(org.testng.ITestResult)[pri:0, instance:com.test.skytap.Q_ImportExportTest@2096442d]" name="fail" is-config="true" duration-ms="1040" started-at="2016-10-22T06:12:04Z" finished-at="2016-10-22T06:12:05Z">
          <params>
            <param index="0">
              <value>
                <![CDATA[[TestResult name=exportVM status=FAILURE method=Q_ImportExportTest.exportVM()[pri:0, instance:com.test.skytap.Q_ImportExportTest@2096442d] output={null}]]]>
              </value>
            </param>
          </params>
          <reporter-output>
          </reporter-output>
        </test-method> <!-- fail -->
        <test-method status="FAIL" signature="importVM()[pri:0, instance:com.test.skytap.Q_ImportExportTest@2096442d]" name="importVM" duration-ms="1018" started-at="2016-10-22T06:12:05Z" finished-at="2016-10-22T06:12:06Z">
          <exception class="org.openqa.selenium.remote.UnreachableBrowserException">
            <message>
              <![CDATA[Error communicating with the remote browser. It may have died.
Build info: version: '2.53.0', revision: '35ae25b1534ae328c771e0856c93e187490ca824', time: '2016-03-15 10:43:46'
System info: host: 'DESKTOP-M8U4K6K', ip: '192.168.1.5', os.name: 'Windows 10', os.arch: 'amd64', os.version: '10.0', java.version: '1.8.0_91'
Driver info: driver.version: RemoteWebDriver
Capabilities [{applicationCacheEnabled=true, rotatable=false, handlesAlerts=true, databaseEnabled=true, version=40.0, platform=WINDOWS, nativeEvents=false, acceptSslCerts=true, webStorageEnabled=true, locationContextEnabled=true, browserName=firefox, takesScreenshot=true, javascriptEnabled=true, cssSelectorsEnabled=true}]
Session ID: 5d18d5cb-bf78-4573-9286-6d273bac3df2]]>
            </message>
            <full-stacktrace>
              <![CDATA[org.openqa.selenium.remote.UnreachableBrowserException: Error communicating with the remote browser. It may have died.
Build info: version: '2.53.0', revision: '35ae25b1534ae328c771e0856c93e187490ca824', time: '2016-03-15 10:43:46'
System info: host: 'DESKTOP-M8U4K6K', ip: '192.168.1.5', os.name: 'Windows 10', os.arch: 'amd64', os.version: '10.0', java.version: '1.8.0_91'
Driver info: driver.version: RemoteWebDriver
Capabilities [{applicationCacheEnabled=true, rotatable=false, handlesAlerts=true, databaseEnabled=true, version=40.0, platform=WINDOWS, nativeEvents=false, acceptSslCerts=true, webStorageEnabled=true, locationContextEnabled=true, browserName=firefox, takesScreenshot=true, javascriptEnabled=true, cssSelectorsEnabled=true}]
Session ID: 5d18d5cb-bf78-4573-9286-6d273bac3df2
	at org.openqa.selenium.remote.RemoteWebDriver.execute(RemoteWebDriver.java:665)
	at org.openqa.selenium.remote.RemoteWebDriver.get(RemoteWebDriver.java:316)
	at com.test.skytap.Q_Import_Export.importVM(Q_Import_Export.java:32)
	at com.test.skytap.Q_ImportExportTest.importVM(Q_ImportExportTest.java:25)
	at sun.reflect.NativeMethodAccessorImpl.invoke0(Native Method)
	at sun.reflect.NativeMethodAccessorImpl.invoke(NativeMethodAccessorImpl.java:62)
	at sun.reflect.DelegatingMethodAccessorImpl.invoke(DelegatingMethodAccessorImpl.java:43)
	at java.lang.reflect.Method.invoke(Method.java:498)
	at org.testng.internal.MethodInvocationHelper.invokeMethod(MethodInvocationHelper.java:86)
	at org.testng.internal.Invoker.invokeMethod(Invoker.java:643)
	at org.testng.internal.Invoker.invokeTestMethod(Invoker.java:820)
	at org.testng.internal.Invoker.invokeTestMethods(Invoker.java:1128)
	at org.testng.internal.TestMethodWorker.invokeTestMethods(TestMethodWorker.java:129)
	at org.testng.internal.TestMethodWorker.run(TestMethodWorker.java:112)
	at org.testng.TestRunner.privateRun(TestRunner.java:782)
	at org.testng.TestRunner.run(TestRunner.java:632)
	at org.testng.SuiteRunner.runTest(SuiteRunner.java:366)
	at org.testng.SuiteRunner.runSequentially(SuiteRunner.java:361)
	at org.testng.SuiteRunner.privateRun(SuiteRunner.java:319)
	at org.testng.SuiteRunner.run(SuiteRunner.java:268)
	at org.testng.SuiteRunnerWorker.runSuite(SuiteRunnerWorker.java:52)
	at org.testng.SuiteRunnerWorker.run(SuiteRunnerWorker.java:86)
	at org.testng.TestNG.runSuitesSequentially(TestNG.java:1244)
	at org.testng.TestNG.runSuitesLocally(TestNG.java:1169)
	at org.testng.TestNG.run(TestNG.java:1064)
	at org.apache.maven.surefire.testng.TestNGExecutor.run(TestNGExecutor.java:77)
	at org.apache.maven.surefire.testng.TestNGDirectoryTestSuite.executeMulti(TestNGDirectoryTestSuite.java:159)
	at org.apache.maven.surefire.testng.TestNGDirectoryTestSuite.execute(TestNGDirectoryTestSuite.java:99)
	at org.apache.maven.surefire.testng.TestNGProvider.invoke(TestNGProvider.java:106)
	at sun.reflect.NativeMethodAccessorImpl.invoke0(Native Method)
	at sun.reflect.NativeMethodAccessorImpl.invoke(NativeMethodAccessorImpl.java:62)
	at sun.reflect.DelegatingMethodAccessorImpl.invoke(DelegatingMethodAccessorImpl.java:43)
	at java.lang.reflect.Method.invoke(Method.java:498)
	at org.apache.maven.surefire.util.ReflectionUtils.invokeMethodWithArray(ReflectionUtils.java:189)
	at org.apache.maven.surefire.booter.ProviderFactory$ProviderProxy.invoke(ProviderFactory.java:165)
	at org.apache.maven.surefire.booter.ProviderFactory.invokeProvider(ProviderFactory.java:85)
	at org.apache.maven.surefire.booter.ForkedBooter.runSuitesInProcess(ForkedBooter.java:115)
	at org.apache.maven.surefire.booter.ForkedBooter.main(ForkedBooter.java:75)
Caused by: org.apache.http.conn.HttpHostConnectException: Connect to 127.0.0.1:7055 [/127.0.0.1] failed: Connection refused: connect
	at org.apache.http.impl.conn.DefaultHttpClientConnectionOperator.connect(DefaultHttpClientConnectionOperator.java:151)
	at org.apache.http.impl.conn.PoolingHttpClientConnectionManager.connect(PoolingHttpClientConnectionManager.java:353)
	at org.apache.http.impl.execchain.MainClientExec.establishRoute(MainClientExec.java:380)
	at org.apache.http.impl.execchain.MainClientExec.execute(MainClientExec.java:236)
	at org.apache.http.impl.execchain.ProtocolExec.execute(ProtocolExec.java:184)
	at org.apache.http.impl.execchain.RetryExec.execute(RetryExec.java:88)
	at org.apache.http.impl.execchain.RedirectExec.execute(RedirectExec.java:110)
	at org.apache.http.impl.client.InternalHttpClient.doExecute(InternalHttpClient.java:184)
	at org.apache.http.impl.client.CloseableHttpClient.execute(CloseableHttpClient.java:71)
	at org.apache.http.impl.client.CloseableHttpClient.execute(CloseableHttpClient.java:55)
	at org.openqa.selenium.remote.internal.ApacheHttpClient.fallBackExecute(ApacheHttpClient.java:144)
	at org.openqa.selenium.remote.internal.ApacheHttpClient.execute(ApacheHttpClient.java:90)
	at org.openqa.selenium.remote.HttpCommandExecutor.execute(HttpCommandExecutor.java:142)
	at org.openqa.selenium.firefox.internal.NewProfileExtensionConnection.execute(NewProfileExtensionConnection.java:160)
	at org.openqa.selenium.firefox.FirefoxDriver$LazyCommandExecutor.execute(FirefoxDriver.java:380)
	at org.openqa.selenium.remote.RemoteWebDriver.execute(RemoteWebDriver.java:644)
	... 37 more
Caused by: java.net.ConnectException: Connection refused: connect
	at java.net.DualStackPlainSocketImpl.waitForConnect(Native Method)
	at java.net.DualStackPlainSocketImpl.socketConnect(DualStackPlainSocketImpl.java:85)
	at java.net.AbstractPlainSocketImpl.doConnect(AbstractPlainSocketImpl.java:350)
	at java.net.AbstractPlainSocketImpl.connectToAddress(AbstractPlainSocketImpl.java:206)
	at java.net.AbstractPlainSocketImpl.connect(AbstractPlainSocketImpl.java:188)
	at java.net.PlainSocketImpl.connect(PlainSocketImpl.java:172)
	at java.net.SocksSocketImpl.connect(SocksSocketImpl.java:392)
	at java.net.Socket.connect(Socket.java:589)
	at org.apache.http.conn.socket.PlainConnectionSocketFactory.connectSocket(PlainConnectionSocketFactory.java:74)
	at org.apache.http.impl.conn.DefaultHttpClientConnectionOperator.connect(DefaultHttpClientConnectionOperator.java:134)
	... 52 more
]]>
            </full-stacktrace>
          </exception> <!-- org.openqa.selenium.remote.UnreachableBrowserException -->
          <reporter-output>
          </reporter-output>
        </test-method> <!-- importVM -->
        <test-method status="PASS" signature="fail(org.testng.ITestResult)[pri:0, instance:com.test.skytap.Q_ImportExportTest@2096442d]" name="fail" is-config="true" duration-ms="1012" started-at="2016-10-22T06:12:06Z" finished-at="2016-10-22T06:12:07Z">
          <params>
            <param index="0">
              <value>
                <![CDATA[[TestResult name=importVM status=FAILURE method=Q_ImportExportTest.importVM()[pri:0, instance:com.test.skytap.Q_ImportExportTest@2096442d] output={null}]]]>
              </value>
            </param>
          </params>
          <reporter-output>
          </reporter-output>
        </test-method> <!-- fail -->
        <test-method status="FAIL" signature="afterClass()[pri:0, instance:com.test.skytap.Q_ImportExportTest@2096442d]" name="afterClass" is-config="true" duration-ms="0" started-at="2016-10-22T06:12:07Z" finished-at="2016-10-22T06:12:07Z">
          <exception class="org.openqa.selenium.remote.UnreachableBrowserException">
            <message>
              <![CDATA[Error communicating with the remote browser. It may have died.
Build info: version: '2.53.0', revision: '35ae25b1534ae328c771e0856c93e187490ca824', time: '2016-03-15 10:43:46'
System info: host: 'DESKTOP-M8U4K6K', ip: '192.168.1.5', os.name: 'Windows 10', os.arch: 'amd64', os.version: '10.0', java.version: '1.8.0_91'
Driver info: driver.version: RemoteWebDriver
Capabilities [{applicationCacheEnabled=true, rotatable=false, handlesAlerts=true, databaseEnabled=true, version=40.0, platform=WINDOWS, nativeEvents=false, acceptSslCerts=true, webStorageEnabled=true, locationContextEnabled=true, browserName=firefox, takesScreenshot=true, javascriptEnabled=true, cssSelectorsEnabled=true}]
Session ID: 5d18d5cb-bf78-4573-9286-6d273bac3df2]]>
            </message>
            <full-stacktrace>
              <![CDATA[org.openqa.selenium.remote.UnreachableBrowserException: Error communicating with the remote browser. It may have died.
Build info: version: '2.53.0', revision: '35ae25b1534ae328c771e0856c93e187490ca824', time: '2016-03-15 10:43:46'
System info: host: 'DESKTOP-M8U4K6K', ip: '192.168.1.5', os.name: 'Windows 10', os.arch: 'amd64', os.version: '10.0', java.version: '1.8.0_91'
Driver info: driver.version: RemoteWebDriver
Capabilities [{applicationCacheEnabled=true, rotatable=false, handlesAlerts=true, databaseEnabled=true, version=40.0, platform=WINDOWS, nativeEvents=false, acceptSslCerts=true, webStorageEnabled=true, locationContextEnabled=true, browserName=firefox, takesScreenshot=true, javascriptEnabled=true, cssSelectorsEnabled=true}]
Session ID: 5d18d5cb-bf78-4573-9286-6d273bac3df2
	at org.openqa.selenium.remote.RemoteWebDriver.execute(RemoteWebDriver.java:665)
	at org.openqa.selenium.remote.RemoteWebDriver.execute(RemoteWebDriver.java:701)
	at org.openqa.selenium.remote.RemoteWebDriver.quit(RemoteWebDriver.java:526)
	at com.test.skytap.BaseFixture.quitBrowser(BaseFixture.java:541)
	at com.test.skytap.Q_ImportExportTest.afterClass(Q_ImportExportTest.java:41)
	at sun.reflect.NativeMethodAccessorImpl.invoke0(Native Method)
	at sun.reflect.NativeMethodAccessorImpl.invoke(NativeMethodAccessorImpl.java:62)
	at sun.reflect.DelegatingMethodAccessorImpl.invoke(DelegatingMethodAccessorImpl.java:43)
	at java.lang.reflect.Method.invoke(Method.java:498)
	at org.testng.internal.MethodInvocationHelper.invokeMethod(MethodInvocationHelper.java:86)
	at org.testng.internal.Invoker.invokeConfigurationMethod(Invoker.java:514)
	at org.testng.internal.Invoker.invokeConfigurations(Invoker.java:215)
	at org.testng.internal.Invoker.invokeConfigurations(Invoker.java:142)
	at org.testng.internal.TestMethodWorker.invokeAfterClassMethods(TestMethodWorker.java:232)
	at org.testng.internal.TestMethodWorker.run(TestMethodWorker.java:115)
	at org.testng.TestRunner.privateRun(TestRunner.java:782)
	at org.testng.TestRunner.run(TestRunner.java:632)
	at org.testng.SuiteRunner.runTest(SuiteRunner.java:366)
	at org.testng.SuiteRunner.runSequentially(SuiteRunner.java:361)
	at org.testng.SuiteRunner.privateRun(SuiteRunner.java:319)
	at org.testng.SuiteRunner.run(SuiteRunner.java:268)
	at org.testng.SuiteRunnerWorker.runSuite(SuiteRunnerWorker.java:52)
	at org.testng.SuiteRunnerWorker.run(SuiteRunnerWorker.java:86)
	at org.testng.TestNG.runSuitesSequentially(TestNG.java:1244)
	at org.testng.TestNG.runSuitesLocally(TestNG.java:1169)
	at org.testng.TestNG.run(TestNG.java:1064)
	at org.apache.maven.surefire.testng.TestNGExecutor.run(TestNGExecutor.java:77)
	at org.apache.maven.surefire.testng.TestNGDirectoryTestSuite.executeMulti(TestNGDirectoryTestSuite.java:159)
[...]
          <reporter-output>
          </reporter-output>
        </test-method> <!-- customerSvmHourVmAutoSuspend -->
        <test-method status="SKIP" signature="removeLimits()[pri:0, instance:com.test.skytap.H_QuotaTest@3551a94]" name="removeLimits" is-config="true" duration-ms="0" started-at="2016-10-22T05:58:49Z" finished-at="2016-10-22T05:58:49Z">
          <reporter-output>
          </reporter-output>
        </test-method> <!-- removeLimits -->
        <test-method status="SKIP" signature="fail(org.testng.ITestResult)[pri:0, instance:com.test.skytap.H_QuotaTest@3551a94]" name="fail" is-config="true" duration-ms="0" started-at="2016-10-22T05:58:49Z" finished-at="2016-10-22T05:58:49Z">
          <reporter-output>
          </reporter-output>
        </test-method> <!-- fail -->
        <test-method status="SKIP" signature="customerSvmQuotaOnVmRun()[pri:0, instance:com.test.skytap.H_QuotaTest@3551a94]" name="customerSvmQuotaOnVmRun" duration-ms="0" started-at="2016-10-22T05:58:49Z" finished-at="2016-10-22T05:58:49Z">
          <reporter-output>
          </reporter-output>
        </test-method> <!-- customerSvmQuotaOnVmRun -->
        <test-method status="SKIP" signature="fail(org.testng.ITestResult)[pri:0, instance:com.test.skytap.H_QuotaTest@3551a94]" name="fail" is-config="true" duration-ms="0" started-at="2016-10-22T05:58:49Z" finished-at="2016-10-22T05:58:49Z">
          <reporter-output>
          </reporter-output>
        </test-method> <!-- fail -->
        <test-method status="SKIP" signature="removeLimits()[pri:0, instance:com.test.skytap.H_QuotaTest@3551a94]" name="removeLimits" is-config="true" duration-ms="0" started-at="2016-10-22T05:58:49Z" finished-at="2016-10-22T05:58:49Z">
          <reporter-output>
          </reporter-output>
        </test-method> <!-- removeLimits -->
        <test-method status="SKIP" signature="userStorageQuotaAddTempToEnv()[pri:0, instance:com.test.skytap.H_QuotaTest@3551a94]" name="userStorageQuotaAddTempToEnv" duration-ms="1" started-at="2016-10-22T05:58:49Z" finished-at="2016-10-22T05:58:49Z">
          <reporter-output>
          </reporter-output>
        </test-method> <!-- userStorageQuotaAddTempToEnv -->
        <test-method status="SKIP" signature="removeLimits()[pri:0, instance:com.test.skytap.H_QuotaTest@3551a94]" name="removeLimits" is-config="true" duration-ms="0" started-at="2016-10-22T05:58:49Z" finished-at="2016-10-22T05:58:49Z">
          <reporter-output>
          </reporter-output>
        </test-method> <!-- removeLimits -->
        <test-method status="SKIP" signature="fail(org.testng.ITestResult)[pri:0, instance:com.test.skytap.H_QuotaTest@3551a94]" name="fail" is-config="true" duration-ms="0" started-at="2016-10-22T05:58:49Z" finished-at="2016-10-22T05:58:49Z">
          <reporter-output>
          </reporter-output>
        </test-method> <!-- fail -->
        <test-method status="SKIP" signature="userStorageQuotaAddVM()[pri:0, instance:com.test.skytap.H_QuotaTest@3551a94]" name="userStorageQuotaAddVM" duration-ms="0" started-at="2016-10-22T05:58:49Z" finished-at="2016-10-22T05:58:49Z">
          <reporter-output>
          </reporter-output>
        </test-method> <!-- userStorageQuotaAddVM -->
        <test-method status="SKIP" signature="fail(org.testng.ITestResult)[pri:0, instance:com.test.skytap.H_QuotaTest@3551a94]" name="fail" is-config="true" duration-ms="0" started-at="2016-10-22T05:58:49Z" finished-at="2016-10-22T05:58:49Z">
          <reporter-output>
          </reporter-output>
        </test-method> <!-- fail -->
        <test-method status="SKIP" signature="removeLimits()[pri:0, instance:com.test.skytap.H_QuotaTest@3551a94]" name="removeLimits" is-config="true" duration-ms="0" started-at="2016-10-22T05:58:49Z" finished-at="2016-10-22T05:58:49Z">
          <reporter-output>
          </reporter-output>
        </test-method> <!-- removeLimits -->
        <test-method status="SKIP" signature="userStorageQuotaAssetUpload()[pri:0, instance:com.test.skytap.H_QuotaTest@3551a94]" name="userStorageQuotaAssetUpload" duration-ms="1" started-at="2016-10-22T05:58:49Z" finished-at="2016-10-22T05:58:49Z">
          <reporter-output>
          </reporter-output>
        </test-method> <!-- userStorageQuotaAssetUpload -->
        <test-method status="SKIP" signature="fail(org.testng.ITestResult)[pri:0, instance:com.test.skytap.H_QuotaTest@3551a94]" name="fail" is-config="true" duration-ms="0" started-at="2016-10-22T05:58:49Z" finished-at="2016-10-22T05:58:49Z">
          <reporter-output>
          </reporter-output>
        </test-method> <!-- fail -->
        <test-method status="SKIP" signature="removeLimits()[pri:0, instance:com.test.skytap.H_QuotaTest@3551a94]" name="removeLimits" is-config="true" duration-ms="0" started-at="2016-10-22T05:58:49Z" finished-at="2016-10-22T05:58:49Z">
          <reporter-output>
          </reporter-output>
        </test-method> <!-- removeLimits -->
        <test-method status="SKIP" signature="userSvmHourQuotaOnVmRun()[pri:0, instance:com.test.skytap.H_QuotaTest@3551a94]" name="userSvmHourQuotaOnVmRun" duration-ms="1" started-at="2016-10-22T05:58:49Z" finished-at="2016-10-22T05:58:49Z">
          <reporter-output>
          </reporter-output>
        </test-method> <!-- userSvmHourQuotaOnVmRun -->
        <test-method status="SKIP" signature="fail(org.testng.ITestResult)[pri:0, instance:com.test.skytap.H_QuotaTest@3551a94]" name="fail" is-config="true" duration-ms="0" started-at="2016-10-22T05:58:49Z" finished-at="2016-10-22T05:58:49Z">
          <reporter-output>
          </reporter-output>
        </test-method> <!-- fail -->
        <test-method status="SKIP" signature="removeLimits()[pri:0, instance:com.test.skytap.H_QuotaTest@3551a94]" name="removeLimits" is-config="true" duration-ms="0" started-at="2016-10-22T05:58:49Z" finished-at="2016-10-22T05:58:49Z">
          <reporter-output>
          </reporter-output>
        </test-method> <!-- removeLimits -->
        <test-method status="SKIP" signature="userSvmHourVmAutoSuspend()[pri:0, instance:com.test.skytap.H_QuotaTest@3551a94]" name="userSvmHourVmAutoSuspend" duration-ms="0" started-at="2016-10-22T05:58:49Z" finished-at="2016-10-22T05:58:49Z">
          <reporter-output>
          </reporter-output>
        </test-method> <!-- userSvmHourVmAutoSuspend -->
        <test-method status="SKIP" signature="fail(org.testng.ITestResult)[pri:0, instance:com.test.skytap.H_QuotaTest@3551a94]" name="fail" is-config="true" duration-ms="0" started-at="2016-10-22T05:58:49Z" finished-at="2016-10-22T05:58:49Z">
          <reporter-output>
          </reporter-output>
        </test-method> <!-- fail -->
        <test-method status="SKIP" signature="removeLimits()[pri:0, instance:com.test.skytap.H_QuotaTest@3551a94]" name="removeLimits" is-config="true" duration-ms="0" started-at="2016-10-22T05:58:49Z" finished-at="2016-10-22T05:58:49Z">
          <reporter-output>
          </reporter-output>
        </test-method> <!-- removeLimits -->
        <test-method status="SKIP" signature="userSvmQuotaOnVmRun()[pri:0, instance:com.test.skytap.H_QuotaTest@3551a94]" name="userSvmQuotaOnVmRun" duration-ms="1" started-at="2016-10-22T05:58:49Z" finished-at="2016-10-22T05:58:49Z">
          <reporter-output>
          </reporter-output>
        </test-method> <!-- userSvmQuotaOnVmRun -->
        <test-method status="SKIP" signature="fail(org.testng.ITestResult)[pri:0, instance:com.test.skytap.H_QuotaTest@3551a94]" name="fail" is-config="true" duration-ms="0" started-at="2016-10-22T05:58:49Z" finished-at="2016-10-22T05:58:49Z">
          <reporter-output>
          </reporter-output>
        </test-method> <!-- fail -->
        <test-method status="SKIP" signature="afterClass()[pri:0, instance:com.test.skytap.H_QuotaTest@3551a94]" name="afterClass" is-config="true" duration-ms="0" started-at="2016-10-22T05:58:49Z" finished-at="2016-10-22T05:58:49Z">
          <reporter-output>
          </reporter-output>
        </test-method> <!-- afterClass -->
        <test-method status="SKIP" signature="removeLimits()[pri:0, instance:com.test.skytap.H_QuotaTest@3551a94]" name="removeLimits" is-config="true" duration-ms="0" started-at="2016-10-22T05:58:49Z" finished-at="2016-10-22T05:58:49Z">
          <reporter-output>
          </reporter-output>
        </test-method> <!-- removeLimits -->
        <test-method status="SKIP" signature="sendEmailableReport()[pri:0, instance:com.test.skytap.H_QuotaTest@3551a94]" name="sendEmailableReport" is-config="true" duration-ms="0" started-at="2016-10-22T06:19:21Z" finished-at="2016-10-22T06:19:21Z">
          <reporter-output>
          </reporter-output>
        </test-method> <!-- sendEmailableReport -->
      </class> <!-- com.test.skytap.H_QuotaTest -->
      <class name="com.test.skytap.Y_DeleteResourcesTest">
        <test-method status="FAIL" signature="beforeClass()[pri:0, instance:com.test.skytap.Y_DeleteResourcesTest@50f8360d]" name="beforeClass" is-config="true" duration-ms="0" started-at="2016-10-22T06:18:23Z" finished-at="2016-10-22T06:18:23Z">
          <exception class="org.openqa.selenium.remote.UnreachableBrowserException">
            <message>
              <![CDATA[Error communicating with the remote browser. It may have died.
Build info: version: '2.53.0', revision: '35ae25b1534ae328c771e0856c93e187490ca824', time: '2016-03-15 10:43:46'
System info: host: 'DESKTOP-M8U4K6K', ip: '192.168.1.5', os.name: 'Windows 10', os.arch: 'amd64', os.version: '10.0', java.version: '1.8.0_91'
Driver info: driver.version: RemoteWebDriver
Capabilities [{applicationCacheEnabled=true, rotatable=false, handlesAlerts=true, databaseEnabled=true, version=40.0, platform=WINDOWS, nativeEvents=false, acceptSslCerts=true, webStorageEnabled=true, locationContextEnabled=true, browserName=firefox, takesScreenshot=true, javascriptEnabled=true, cssSelectorsEnabled=true}]
Session ID: bb6598ed-bd78-407c-89dc-66312f56d885]]>
            </message>
            <full-stacktrace>
              <![CDATA[org.openqa.selenium.remote.UnreachableBrowserException: Error communicating with the remote browser. It may have died.
Build info: version: '2.53.0', revision: '35ae25b1534ae328c771e0856c93e187490ca824', time: '2016-03-15 10:43:46'
System info: host: 'DESKTOP-M8U4K6K', ip: '192.168.1.5', os.name: 'Windows 10', os.arch: 'amd64', os.version: '10.0', java.version: '1.8.0_91'
Driver info: driver.version: RemoteWebDriver
Capabilities [{applicationCacheEnabled=true, rotatable=false, handlesAlerts=true, databaseEnabled=true, version=40.0, platform=WINDOWS, nativeEvents=false, acceptSslCerts=true, webStorageEnabled=true, locationContextEnabled=true, browserName=firefox, takesScreenshot=true, javascriptEnabled=true, cssSelectorsEnabled=true}]
Session ID: bb6598ed-bd78-407c-89dc-66312f56d885
	at org.openqa.selenium.remote.RemoteWebDriver.execute(RemoteWebDriver.java:665)
	at org.openqa.selenium.remote.RemoteWebDriver.get(RemoteWebDriver.java:316)
	at com.test.skytap.BaseFixture.getFFbrowser(BaseFixture.java:113)
	at com.test.skytap.BaseFixture.readbrowser(BaseFixture.java:140)
	at com.test.skytap.Y_DeleteResourcesTest.beforeClass(Y_DeleteResourcesTest.java:17)
	at sun.reflect.NativeMethodAccessorImpl.invoke0(Native Method)
	at sun.reflect.NativeMethodAccessorImpl.invoke(NativeMethodAccessorImpl.java:62)
	at sun.reflect.DelegatingMethodAccessorImpl.invoke(DelegatingMethodAccessorImpl.java:43)
	at java.lang.reflect.Method.invoke(Method.java:498)
	at org.testng.internal.MethodInvocationHelper.invokeMethod(MethodInvocationHelper.java:86)
	at org.testng.internal.Invoker.invokeConfigurationMethod(Invoker.java:514)
	at org.testng.internal.Invoker.invokeConfigurations(Invoker.java:215)
	at org.testng.internal.Invoker.invokeConfigurations(Invoker.java:142)
	at org.testng.internal.TestMethodWorker.invokeBeforeClassMethods(TestMethodWorker.java:178)
	at org.testng.internal.TestMethodWorker.run(TestMethodWorker.java:108)
	at org.testng.TestRunner.privateRun(TestRunner.java:782)
	at org.testng.TestRunner.run(TestRunner.java:632)
	at org.testng.SuiteRunner.runTest(SuiteRunner.java:366)
	at org.testng.SuiteRunner.runSequentially(SuiteRunner.java:361)
	at org.testng.SuiteRunner.privateRun(SuiteRunner.java:319)
	at org.testng.SuiteRunner.run(SuiteRunner.java:268)
	at org.testng.SuiteRunnerWorker.runSuite(SuiteRunnerWorker.java:52)
	at org.testng.SuiteRunnerWorker.run(SuiteRunnerWorker.java:86)
	at org.testng.TestNG.runSuitesSequentially(TestNG.java:1244)
	at org.testng.TestNG.runSuitesLocally(TestNG.java:1169)
	at org.testng.TestNG.run(TestNG.java:1064)
	at org.apache.maven.surefire.testng.TestNGExecutor.run(TestNGExecutor.java:77)
	at org.apache.maven.surefire.testng.TestNGDirectoryTestSuite.executeMulti(TestNGDirectoryTestSuite.java:159)
	at org.apache.maven.surefire.testng.TestNGDirectoryTestSuite.execute(TestNGDirectoryTestSuite.java:99)
	at org.apache.maven.surefire.testng.TestNGProvider.invoke(TestNGProvider.java:106)
	at sun.reflect.NativeMethodAccessorImpl.invoke0(Native Method)
	at sun.reflect.NativeMethodAccessorImpl.invoke(NativeMethodAccessorImpl.java:62)
	at sun.reflect.DelegatingMethodAccessorImpl.invoke(DelegatingMethodAccessorImpl.java:43)
	at java.lang.reflect.Method.invoke(Method.java:498)
	at org.apache.maven.surefire.util.ReflectionUtils.invokeMethodWithArray(ReflectionUtils.java:189)
	at org.apache.maven.surefire.booter.ProviderFactory$ProviderProxy.invoke(ProviderFactory.java:165)
	at org.apache.maven.surefire.booter.ProviderFactory.invokeProvider(ProviderFactory.java:85)
	at org.apache.maven.surefire.booter.ForkedBooter.runSuitesInProcess(ForkedBooter.java:115)
	at org.apache.maven.surefire.booter.ForkedBooter.main(ForkedBooter.java:75)
Caused by: org.apache.http.conn.HttpHostConnectException: Connect to 127.0.0.1:7055 [/127.0.0.1] failed: Connection refused: connect
	at org.apache.http.impl.conn.DefaultHttpClientConnectionOperator.connect(DefaultHttpClientConnectionOperator.java:151)
	at org.apache.http.impl.conn.PoolingHttpClientConnectionManager.connect(PoolingHttpClientConnectionManager.java:353)
	at org.apache.http.impl.execchain.MainClientExec.establishRoute(MainClientExec.java:380)
	at org.apache.http.impl.execchain.MainClientExec.execute(MainClientExec.java:236)
	at org.apache.http.impl.execchain.ProtocolExec.execute(ProtocolExec.java:184)
	at org.apache.http.impl.execchain.RetryExec.execute(RetryExec.java:88)
	at org.apache.http.impl.execchain.RedirectExec.execute(RedirectExec.java:110)
	at org.apache.http.impl.client.InternalHttpClient.doExecute(InternalHttpClient.java:184)
	at org.apache.http.impl.client.CloseableHttpClient.execute(CloseableHttpClient.java:71)
	at org.apache.http.impl.client.CloseableHttpClient.execute(CloseableHttpClient.java:55)
	at org.openqa.selenium.remote.internal.ApacheHttpClient.fallBackExecute(ApacheHttpClient.java:162)
	at org.openqa.selenium.remote.internal.ApacheHttpClient.execute(ApacheHttpClient.java:90)
	at org.openqa.selenium.remote.HttpCommandExecutor.execute(HttpCommandExecutor.java:142)
	at org.openqa.selenium.firefox.internal.NewProfileExtensionConnection.execute(NewProfileExtensionConnection.java:160)
	at org.openqa.selenium.firefox.FirefoxDriver$LazyCommandExecutor.execute(FirefoxDriver.java:380)
	at org.openqa.selenium.remote.RemoteWebDriver.execute(RemoteWebDriver.java:644)
	... 38 more
Caused by: java.net.ConnectException: Connection refused: connect
	at java.net.DualStackPlainSocketImpl.waitForConnect(Native Method)
	at java.net.DualStackPlainSocketImpl.socketConnect(DualStackPlainSocketImpl.java:85)
	at java.net.AbstractPlainSocketImpl.doConnect(AbstractPlainSocketImpl.java:350)
	at java.net.AbstractPlainSocketImpl.connectToAddress(AbstractPlainSocketImpl.java:206)
	at java.net.AbstractPlainSocketImpl.connect(AbstractPlainSocketImpl.java:188)
	at java.net.PlainSocketImpl.connect(PlainSocketImpl.java:172)
	at java.net.SocksSocketImpl.connect(SocksSocketImpl.java:392)
	at java.net.Socket.connect(Socket.java:589)
	at org.apache.http.conn.socket.PlainConnectionSocketFactory.connectSocket(PlainConnectionSocketFactory.java:74)
	at org.apache.http.impl.conn.DefaultHttpClientConnectionOperator.connect(DefaultHttpClientConnectionOperator.java:134)
	... 53 more
]]>
            </full-stacktrace>
          </exception> <!-- org.openqa.selenium.remote.UnreachableBrowserException -->
          <reporter-output>
          </reporter-output>
        </test-method> <!-- beforeClass -->
        <test-method status="SKIP" signature="deleteAllEnvironments()[pri:0, instance:com.test.skytap.Y_DeleteResourcesTest@50f8360d]" name="deleteAllEnvironments" duration-ms="1" started-at="2016-10-22T06:19:19Z" finished-at="2016-10-22T06:19:19Z">
          <reporter-output>
          </reporter-output>
        </test-method> <!-- deleteAllEnvironments -->
        <test-method status="SKIP" signature="fail(org.testng.ITestResult)[pri:0, instance:com.test.skytap.Y_DeleteResourcesTest@50f8360d]" name="fail" is-config="true" duration-ms="0" started-at="2016-10-22T06:19:19Z" finished-at="2016-10-22T06:19:19Z">
          <reporter-output>
          </reporter-output>
        </test-method> <!-- fail -->
        <test-method status="SKIP" signature="deleteAllExports()[pri:0, instance:com.test.skytap.Y_DeleteResourcesTest@50f8360d]" name="deleteAllExports" duration-ms="0" started-at="2016-10-22T06:19:19Z" finished-at="2016-10-22T06:19:19Z">
          <reporter-output>
          </reporter-output>
        </test-method> <!-- deleteAllExports -->
        <test-method status="SKIP" signature="deleteAllImports()[pri:0, instance:com.test.skytap.Y_DeleteResourcesTest@50f8360d]" name="deleteAllImports" duration-ms="1" started-at="2016-10-22T06:19:19Z" finished-at="2016-10-22T06:19:19Z">
          <reporter-output>
          </reporter-output>
        </test-method> <!-- deleteAllImports -->
        <test-method status="SKIP" signature="fail(org.testng.ITestResult)[pri:0, instance:com.test.skytap.Y_DeleteResourcesTest@50f8360d]" name="fail" is-config="true" duration-ms="0" started-at="2016-10-22T06:19:19Z" finished-at="2016-10-22T06:19:19Z">
          <reporter-output>
          </reporter-output>
        </test-method> <!-- fail -->
        <test-method status="SKIP" signature="fail(org.testng.ITestResult)[pri:0, instance:com.test.skytap.Y_DeleteResourcesTest@50f8360d]" name="fail" is-config="true" duration-ms="0" started-at="2016-10-22T06:19:19Z" finished-at="2016-10-22T06:19:19Z">
          <reporter-output>
          </reporter-output>
        </test-method> <!-- fail -->
        <test-method status="SKIP" signature="deleteAllTemplates()[pri:0, instance:com.test.skytap.Y_DeleteResourcesTest@50f8360d]" name="deleteAllTemplates" duration-ms="0" started-at="2016-10-22T06:19:19Z" finished-at="2016-10-22T06:19:19Z">
          <reporter-output>
          </reporter-output>
        </test-method> <!-- deleteAllTemplates -->
        <test-method status="SKIP" signature="fail(org.testng.ITestResult)[pri:0, instance:com.test.skytap.Y_DeleteResourcesTest@50f8360d]" name="fail" is-config="true" duration-ms="0" started-at="2016-10-22T06:19:19Z" finished-at="2016-10-22T06:19:19Z">
          <reporter-output>
          </reporter-output>
        </test-method> <!-- fail -->
        <test-method status="SKIP" signature="afterClass()[pri:0, instance:com.test.skytap.Y_DeleteResourcesTest@50f8360d]" name="afterClass" is-config="true" duration-ms="0" started-at="2016-10-22T06:19:19Z" finished-at="2016-10-22T06:19:19Z">
          <reporter-output>
          </reporter-output>
        </test-method> <!-- afterClass -->
      </class> <!-- com.test.skytap.Y_DeleteResourcesTest -->
    </test> <!-- Command line test -->
  </suite> <!-- Command line suite -->
</testng-results>
